Mon Jul  8 15:52:39 JST 2024
mpicc -O3 -march=core-avx2 -ip -no-prec-div -qopenmp -I/opt/intel/oneapi/mkl/2023.0.0/include/fftw -parallel -par-schedule-auto -static-intel -qopenmp-link=static -qopt-malloc-options=3 -I./elpa-2018.05.001 -DLEAK_DETECT -c openmx.c
mpicc -O3 -march=core-avx2 -ip -no-prec-div -qopenmp -I/opt/intel/oneapi/mkl/2023.0.0/include/fftw -parallel -par-schedule-auto -static-intel -qopenmp-link=static -qopt-malloc-options=3 -I./elpa-2018.05.001 -DLEAK_DETECT -c openmx_common.c
mpicc -O3 -march=core-avx2 -ip -no-prec-div -qopenmp -I/opt/intel/oneapi/mkl/2023.0.0/include/fftw -parallel -par-schedule-auto -static-intel -qopenmp-link=static -qopt-malloc-options=3 -I./elpa-2018.05.001 -DLEAK_DETECT -c Input_std.c
mpicc -O3 -march=core-avx2 -ip -no-prec-div -qopenmp -I/opt/intel/oneapi/mkl/2023.0.0/include/fftw -parallel -par-schedule-auto -static-intel -qopenmp-link=static -qopt-malloc-options=3 -I./elpa-2018.05.001 -DLEAK_DETECT -c Inputtools.c
mpicc -O3 -march=core-avx2 -ip -no-prec-div -qopenmp -I/opt/intel/oneapi/mkl/2023.0.0/include/fftw -parallel -par-schedule-auto -static-intel -qopenmp-link=static -qopt-malloc-options=3 -I./elpa-2018.05.001 -DLEAK_DETECT -c init.c
mpicc -O3 -march=core-avx2 -ip -no-prec-div -qopenmp -I/opt/intel/oneapi/mkl/2023.0.0/include/fftw -parallel -par-schedule-auto -static-intel -qopenmp-link=static -qopt-malloc-options=3 -I./elpa-2018.05.001 -DLEAK_DETECT -c LU_inverse.c
mpicc -O3 -march=core-avx2 -ip -no-prec-div -qopenmp -I/opt/intel/oneapi/mkl/2023.0.0/include/fftw -parallel -par-schedule-auto -static-intel -qopenmp-link=static -qopt-malloc-options=3 -I./elpa-2018.05.001 -DLEAK_DETECT -c ReLU_inverse.c
mpicc -O3 -march=core-avx2 -ip -no-prec-div -qopenmp -I/opt/intel/oneapi/mkl/2023.0.0/include/fftw -parallel -par-schedule-auto -static-intel -qopenmp-link=static -qopt-malloc-options=3 -I./elpa-2018.05.001 -DLEAK_DETECT -c truncation.c
mpicc -O3 -march=core-avx2 -ip -no-prec-div -qopenmp -I/opt/intel/oneapi/mkl/2023.0.0/include/fftw -parallel -par-schedule-auto -static-intel -qopenmp-link=static -qopt-malloc-options=3 -I./elpa-2018.05.001 -DLEAK_DETECT -c readfile.c
mpicc -O3 -march=core-avx2 -ip -no-prec-div -qopenmp -I/opt/intel/oneapi/mkl/2023.0.0/include/fftw -parallel -par-schedule-auto -static-intel -qopenmp-link=static -qopt-malloc-options=3 -I./elpa-2018.05.001 -DLEAK_DETECT -c FT_PAO.c
mpicc -O3 -march=core-avx2 -ip -no-prec-div -qopenmp -I/opt/intel/oneapi/mkl/2023.0.0/include/fftw -parallel -par-schedule-auto -static-intel -qopenmp-link=static -qopt-malloc-options=3 -I./elpa-2018.05.001 -DLEAK_DETECT -c FT_NLP.c
mpicc -O3 -march=core-avx2 -ip -no-prec-div -qopenmp -I/opt/intel/oneapi/mkl/2023.0.0/include/fftw -parallel -par-schedule-auto -static-intel -qopenmp-link=static -qopt-malloc-options=3 -I./elpa-2018.05.001 -DLEAK_DETECT -c FT_ProExpn_VNA.c
mpicc -O3 -march=core-avx2 -ip -no-prec-div -qopenmp -I/opt/intel/oneapi/mkl/2023.0.0/include/fftw -parallel -par-schedule-auto -static-intel -qopenmp-link=static -qopt-malloc-options=3 -I./elpa-2018.05.001 -DLEAK_DETECT -c FT_VNA.c
mpicc -O3 -march=core-avx2 -ip -no-prec-div -qopenmp -I/opt/intel/oneapi/mkl/2023.0.0/include/fftw -parallel -par-schedule-auto -static-intel -qopenmp-link=static -qopt-malloc-options=3 -I./elpa-2018.05.001 -DLEAK_DETECT -c FT_ProductPAO.c
mpicc -O3 -march=core-avx2 -ip -no-prec-div -qopenmp -I/opt/intel/oneapi/mkl/2023.0.0/include/fftw -parallel -par-schedule-auto -static-intel -qopenmp-link=static -qopt-malloc-options=3 -I./elpa-2018.05.001 -DLEAK_DETECT -c Hamiltonian_Cluster.c
mpicc -O3 -march=core-avx2 -ip -no-prec-div -qopenmp -I/opt/intel/oneapi/mkl/2023.0.0/include/fftw -parallel -par-schedule-auto -static-intel -qopenmp-link=static -qopt-malloc-options=3 -I./elpa-2018.05.001 -DLEAK_DETECT -c Hamiltonian_Cluster_Hs.c
mpicc -O3 -march=core-avx2 -ip -no-prec-div -qopenmp -I/opt/intel/oneapi/mkl/2023.0.0/include/fftw -parallel -par-schedule-auto -static-intel -qopenmp-link=static -qopt-malloc-options=3 -I./elpa-2018.05.001 -DLEAK_DETECT -c Hamiltonian_Cluster_NC_Hs2.c
mpicc -O3 -march=core-avx2 -ip -no-prec-div -qopenmp -I/opt/intel/oneapi/mkl/2023.0.0/include/fftw -parallel -par-schedule-auto -static-intel -qopenmp-link=static -qopt-malloc-options=3 -I./elpa-2018.05.001 -DLEAK_DETECT -c Hamiltonian_Band_NC_Hs2.c
mpicc -O3 -march=core-avx2 -ip -no-prec-div -qopenmp -I/opt/intel/oneapi/mkl/2023.0.0/include/fftw -parallel -par-schedule-auto -static-intel -qopenmp-link=static -qopt-malloc-options=3 -I./elpa-2018.05.001 -DLEAK_DETECT -c Overlap_Cluster_NC_Ss2.c
mpicc -O3 -march=core-avx2 -ip -no-prec-div -qopenmp -I/opt/intel/oneapi/mkl/2023.0.0/include/fftw -parallel -par-schedule-auto -static-intel -qopenmp-link=static -qopt-malloc-options=3 -I./elpa-2018.05.001 -DLEAK_DETECT -c Overlap_Band_NC_Ss2.c
mpicc -O3 -march=core-avx2 -ip -no-prec-div -qopenmp -I/opt/intel/oneapi/mkl/2023.0.0/include/fftw -parallel -par-schedule-auto -static-intel -qopenmp-link=static -qopt-malloc-options=3 -I./elpa-2018.05.001 -DLEAK_DETECT -c Overlap_Cluster.c  
mpicc -O3 -march=core-avx2 -ip -no-prec-div -qopenmp -I/opt/intel/oneapi/mkl/2023.0.0/include/fftw -parallel -par-schedule-auto -static-intel -qopenmp-link=static -qopt-malloc-options=3 -I./elpa-2018.05.001 -DLEAK_DETECT -c Overlap_Cluster_Ss.c
mpicc -O3 -march=core-avx2 -ip -no-prec-div -qopenmp -I/opt/intel/oneapi/mkl/2023.0.0/include/fftw -parallel -par-schedule-auto -static-intel -qopenmp-link=static -qopt-malloc-options=3 -I./elpa-2018.05.001 -DLEAK_DETECT -c Overlap_Cluster_LNO_Ss.c  
mpicc -O3 -march=core-avx2 -ip -no-prec-div -qopenmp -I/opt/intel/oneapi/mkl/2023.0.0/include/fftw -parallel -par-schedule-auto -static-intel -qopenmp-link=static -qopt-malloc-options=3 -I./elpa-2018.05.001 -DLEAK_DETECT -c Set_ContMat_Cluster_LNO.c
mpicc -O3 -march=core-avx2 -ip -no-prec-div -qopenmp -I/opt/intel/oneapi/mkl/2023.0.0/include/fftw -parallel -par-schedule-auto -static-intel -qopenmp-link=static -qopt-malloc-options=3 -I./elpa-2018.05.001 -DLEAK_DETECT -c Hamiltonian_Band.c
mpicc -O3 -march=core-avx2 -ip -no-prec-div -qopenmp -I/opt/intel/oneapi/mkl/2023.0.0/include/fftw -parallel -par-schedule-auto -static-intel -qopenmp-link=static -qopt-malloc-options=3 -I./elpa-2018.05.001 -DLEAK_DETECT -c Matrix_Band_LNO.c
mpicc -O3 -march=core-avx2 -ip -no-prec-div -qopenmp -I/opt/intel/oneapi/mkl/2023.0.0/include/fftw -parallel -par-schedule-auto -static-intel -qopenmp-link=static -qopt-malloc-options=3 -I./elpa-2018.05.001 -DLEAK_DETECT -c Overlap_Band.c
mpicc -O3 -march=core-avx2 -ip -no-prec-div -qopenmp -I/opt/intel/oneapi/mkl/2023.0.0/include/fftw -parallel -par-schedule-auto -static-intel -qopenmp-link=static -qopt-malloc-options=3 -I./elpa-2018.05.001 -DLEAK_DETECT -c Hamiltonian_Cluster_NC.c
mpicc -O3 -march=core-avx2 -ip -no-prec-div -qopenmp -I/opt/intel/oneapi/mkl/2023.0.0/include/fftw -parallel -par-schedule-auto -static-intel -qopenmp-link=static -qopt-malloc-options=3 -I./elpa-2018.05.001 -DLEAK_DETECT -c Hamiltonian_Band_NC.c
mpicc -O3 -march=core-avx2 -ip -no-prec-div -qopenmp -I/opt/intel/oneapi/mkl/2023.0.0/include/fftw -parallel -par-schedule-auto -static-intel -qopenmp-link=static -qopt-malloc-options=3 -I./elpa-2018.05.001 -DLEAK_DETECT -c Hamiltonian_Cluster_SO.c
mpicc -O3 -march=core-avx2 -ip -no-prec-div -qopenmp -I/opt/intel/oneapi/mkl/2023.0.0/include/fftw -parallel -par-schedule-auto -static-intel -qopenmp-link=static -qopt-malloc-options=3 -I./elpa-2018.05.001 -DLEAK_DETECT -c Get_OneD_HS_Col.c
mpicc -O3 -march=core-avx2 -ip -no-prec-div -qopenmp -I/opt/intel/oneapi/mkl/2023.0.0/include/fftw -parallel -par-schedule-auto -static-intel -qopenmp-link=static -qopt-malloc-options=3 -I./elpa-2018.05.001 -DLEAK_DETECT -c SetPara_DFT.c
mpicc -O3 -march=core-avx2 -ip -no-prec-div -qopenmp -I/opt/intel/oneapi/mkl/2023.0.0/include/fftw -parallel -par-schedule-auto -static-intel -qopenmp-link=static -qopt-malloc-options=3 -I./elpa-2018.05.001 -DLEAK_DETECT -c XC_Ceperly_Alder.c
mpicc -O3 -march=core-avx2 -ip -no-prec-div -qopenmp -I/opt/intel/oneapi/mkl/2023.0.0/include/fftw -parallel -par-schedule-auto -static-intel -qopenmp-link=static -qopt-malloc-options=3 -I./elpa-2018.05.001 -DLEAK_DETECT -c XC_CA_LSDA.c
mpicc -O3 -march=core-avx2 -ip -no-prec-div -qopenmp -I/opt/intel/oneapi/mkl/2023.0.0/include/fftw -parallel -par-schedule-auto -static-intel -qopenmp-link=static -qopt-malloc-options=3 -I./elpa-2018.05.001 -DLEAK_DETECT -c XC_PW92C.c
mpicc -O3 -march=core-avx2 -ip -no-prec-div -qopenmp -I/opt/intel/oneapi/mkl/2023.0.0/include/fftw -parallel -par-schedule-auto -static-intel -qopenmp-link=static -qopt-malloc-options=3 -I./elpa-2018.05.001 -DLEAK_DETECT -c XC_PBE.c
mpicc -O3 -march=core-avx2 -ip -no-prec-div -qopenmp -I/opt/intel/oneapi/mkl/2023.0.0/include/fftw -parallel -par-schedule-auto -static-intel -qopenmp-link=static -qopt-malloc-options=3 -I./elpa-2018.05.001 -DLEAK_DETECT -c XC_EX.c
mpicc -O3 -march=core-avx2 -ip -no-prec-div -qopenmp -I/opt/intel/oneapi/mkl/2023.0.0/include/fftw -parallel -par-schedule-auto -static-intel -qopenmp-link=static -qopt-malloc-options=3 -I./elpa-2018.05.001 -DLEAK_DETECT -c DFT.c
mpicc -O3 -march=core-avx2 -ip -no-prec-div -qopenmp -I/opt/intel/oneapi/mkl/2023.0.0/include/fftw -parallel -par-schedule-auto -static-intel -qopenmp-link=static -qopt-malloc-options=3 -I./elpa-2018.05.001 -DLEAK_DETECT -c Mixing_DM.c
mpicc -O3 -march=core-avx2 -ip -no-prec-div -qopenmp -I/opt/intel/oneapi/mkl/2023.0.0/include/fftw -parallel -par-schedule-auto -static-intel -qopenmp-link=static -qopt-malloc-options=3 -I./elpa-2018.05.001 -DLEAK_DETECT -c Mixing_H.c
mpicc -O3 -march=core-avx2 -ip -no-prec-div -qopenmp -I/opt/intel/oneapi/mkl/2023.0.0/include/fftw -parallel -par-schedule-auto -static-intel -qopenmp-link=static -qopt-malloc-options=3 -I./elpa-2018.05.001 -DLEAK_DETECT -c Mixing_V.c
mpicc -O3 -march=core-avx2 -ip -no-prec-div -qopenmp -I/opt/intel/oneapi/mkl/2023.0.0/include/fftw -parallel -par-schedule-auto -static-intel -qopenmp-link=static -qopt-malloc-options=3 -I./elpa-2018.05.001 -DLEAK_DETECT -c Force.c
mpicc -O3 -march=core-avx2 -ip -no-prec-div -qopenmp -I/opt/intel/oneapi/mkl/2023.0.0/include/fftw -parallel -par-schedule-auto -static-intel -qopenmp-link=static -qopt-malloc-options=3 -I./elpa-2018.05.001 -DLEAK_DETECT -c Stress.c
mpicc -O3 -march=core-avx2 -ip -no-prec-div -qopenmp -I/opt/intel/oneapi/mkl/2023.0.0/include/fftw -parallel -par-schedule-auto -static-intel -qopenmp-link=static -qopt-malloc-options=3 -I./elpa-2018.05.001 -DLEAK_DETECT -c Poisson.c
mpicc -O3 -march=core-avx2 -ip -no-prec-div -qopenmp -I/opt/intel/oneapi/mkl/2023.0.0/include/fftw -parallel -par-schedule-auto -static-intel -qopenmp-link=static -qopt-malloc-options=3 -I./elpa-2018.05.001 -DLEAK_DETECT -c Poisson_ESM.c
mpicc -O3 -march=core-avx2 -ip -no-prec-div -qopenmp -I/opt/intel/oneapi/mkl/2023.0.0/include/fftw -parallel -par-schedule-auto -static-intel -qopenmp-link=static -qopt-malloc-options=3 -I./elpa-2018.05.001 -DLEAK_DETECT -c Cluster_DFT_Col.c
mpicc -O3 -march=core-avx2 -ip -no-prec-div -qopenmp -I/opt/intel/oneapi/mkl/2023.0.0/include/fftw -parallel -par-schedule-auto -static-intel -qopenmp-link=static -qopt-malloc-options=3 -I./elpa-2018.05.001 -DLEAK_DETECT -c Cluster_DFT_NonCol.c
mpicc -O3 -march=core-avx2 -ip -no-prec-div -qopenmp -I/opt/intel/oneapi/mkl/2023.0.0/include/fftw -parallel -par-schedule-auto -static-intel -qopenmp-link=static -qopt-malloc-options=3 -I./elpa-2018.05.001 -DLEAK_DETECT -c Cluster_DFT_Dosout.c
mpicc -O3 -march=core-avx2 -ip -no-prec-div -qopenmp -I/opt/intel/oneapi/mkl/2023.0.0/include/fftw -parallel -par-schedule-auto -static-intel -qopenmp-link=static -qopt-malloc-options=3 -I./elpa-2018.05.001 -DLEAK_DETECT -c Cluster_DFT_ON2.c
mpicc -O3 -march=core-avx2 -ip -no-prec-div -qopenmp -I/opt/intel/oneapi/mkl/2023.0.0/include/fftw -parallel -par-schedule-auto -static-intel -qopenmp-link=static -qopt-malloc-options=3 -I./elpa-2018.05.001 -DLEAK_DETECT -c Cluster_DFT_Col_LNO.c
mpicc -O3 -march=core-avx2 -ip -no-prec-div -qopenmp -I/opt/intel/oneapi/mkl/2023.0.0/include/fftw -parallel -par-schedule-auto -static-intel -qopenmp-link=static -qopt-malloc-options=3 -I./elpa-2018.05.001 -DLEAK_DETECT -c Band_DFT_Col.c
mpicc -O3 -march=core-avx2 -ip -no-prec-div -qopenmp -I/opt/intel/oneapi/mkl/2023.0.0/include/fftw -parallel -par-schedule-auto -static-intel -qopenmp-link=static -qopt-malloc-options=3 -I./elpa-2018.05.001 -DLEAK_DETECT -c Band_DFT_NonCol.c
mpicc -O3 -march=core-avx2 -ip -no-prec-div -qopenmp -I/opt/intel/oneapi/mkl/2023.0.0/include/fftw -parallel -par-schedule-auto -static-intel -qopenmp-link=static -qopt-malloc-options=3 -I./elpa-2018.05.001 -DLEAK_DETECT -c Band_DFT_NonCol_GB.c
mpicc -O3 -march=core-avx2 -ip -no-prec-div -qopenmp -I/opt/intel/oneapi/mkl/2023.0.0/include/fftw -parallel -par-schedule-auto -static-intel -qopenmp-link=static -qopt-malloc-options=3 -I./elpa-2018.05.001 -DLEAK_DETECT -c Band_DFT_kpath.c
mpicc -O3 -march=core-avx2 -ip -no-prec-div -qopenmp -I/opt/intel/oneapi/mkl/2023.0.0/include/fftw -parallel -par-schedule-auto -static-intel -qopenmp-link=static -qopt-malloc-options=3 -I./elpa-2018.05.001 -DLEAK_DETECT -c Band_DFT_kpath_LNO.c
mpicc -O3 -march=core-avx2 -ip -no-prec-div -qopenmp -I/opt/intel/oneapi/mkl/2023.0.0/include/fftw -parallel -par-schedule-auto -static-intel -qopenmp-link=static -qopt-malloc-options=3 -I./elpa-2018.05.001 -DLEAK_DETECT -c Band_DFT_MO.c
mpicc -O3 -march=core-avx2 -ip -no-prec-div -qopenmp -I/opt/intel/oneapi/mkl/2023.0.0/include/fftw -parallel -par-schedule-auto -static-intel -qopenmp-link=static -qopt-malloc-options=3 -I./elpa-2018.05.001 -DLEAK_DETECT -c Cluster_DFT_Col_CWF.c
mpicc -O3 -march=core-avx2 -ip -no-prec-div -qopenmp -I/opt/intel/oneapi/mkl/2023.0.0/include/fftw -parallel -par-schedule-auto -static-intel -qopenmp-link=static -qopt-malloc-options=3 -I./elpa-2018.05.001 -DLEAK_DETECT -c Cluster_DFT_NonCol_CWF.c
mpicc -O3 -march=core-avx2 -ip -no-prec-div -qopenmp -I/opt/intel/oneapi/mkl/2023.0.0/include/fftw -parallel -par-schedule-auto -static-intel -qopenmp-link=static -qopt-malloc-options=3 -I./elpa-2018.05.001 -DLEAK_DETECT -c Band_DFT_Col_CWF.c
mpicc -O3 -march=core-avx2 -ip -no-prec-div -qopenmp -I/opt/intel/oneapi/mkl/2023.0.0/include/fftw -parallel -par-schedule-auto -static-intel -qopenmp-link=static -qopt-malloc-options=3 -I./elpa-2018.05.001 -DLEAK_DETECT -c Band_DFT_NonCol_CWF.c
mpicc -O3 -march=core-avx2 -ip -no-prec-div -qopenmp -I/opt/intel/oneapi/mkl/2023.0.0/include/fftw -parallel -par-schedule-auto -static-intel -qopenmp-link=static -qopt-malloc-options=3 -I./elpa-2018.05.001 -DLEAK_DETECT -c Unfolding_Bands.c
mpicc -O3 -march=core-avx2 -ip -no-prec-div -qopenmp -I/opt/intel/oneapi/mkl/2023.0.0/include/fftw -parallel -par-schedule-auto -static-intel -qopenmp-link=static -qopt-malloc-options=3 -I./elpa-2018.05.001 -DLEAK_DETECT -c Band_DFT_Dosout.c
mpicc -O3 -march=core-avx2 -ip -no-prec-div -qopenmp -I/opt/intel/oneapi/mkl/2023.0.0/include/fftw -parallel -par-schedule-auto -static-intel -qopenmp-link=static -qopt-malloc-options=3 -I./elpa-2018.05.001 -DLEAK_DETECT -c Set_Density_Grid.c
mpicc -O3 -march=core-avx2 -ip -no-prec-div -qopenmp -I/opt/intel/oneapi/mkl/2023.0.0/include/fftw -parallel -par-schedule-auto -static-intel -qopenmp-link=static -qopt-malloc-options=3 -I./elpa-2018.05.001 -DLEAK_DETECT -c Set_Orbitals_Grid.c
mpicc -O3 -march=core-avx2 -ip -no-prec-div -qopenmp -I/opt/intel/oneapi/mkl/2023.0.0/include/fftw -parallel -par-schedule-auto -static-intel -qopenmp-link=static -qopt-malloc-options=3 -I./elpa-2018.05.001 -DLEAK_DETECT -c Set_Aden_Grid.c
mpicc -O3 -march=core-avx2 -ip -no-prec-div -qopenmp -I/opt/intel/oneapi/mkl/2023.0.0/include/fftw -parallel -par-schedule-auto -static-intel -qopenmp-link=static -qopt-malloc-options=3 -I./elpa-2018.05.001 -DLEAK_DETECT -c Gauss_Legendre.c
mpicc -O3 -march=core-avx2 -ip -no-prec-div -qopenmp -I/opt/intel/oneapi/mkl/2023.0.0/include/fftw -parallel -par-schedule-auto -static-intel -qopenmp-link=static -qopt-malloc-options=3 -I./elpa-2018.05.001 -DLEAK_DETECT -c zero_cfrac.c
mpicc -O3 -march=core-avx2 -ip -no-prec-div -qopenmp -I/opt/intel/oneapi/mkl/2023.0.0/include/fftw -parallel -par-schedule-auto -static-intel -qopenmp-link=static -qopt-malloc-options=3 -I./elpa-2018.05.001 -DLEAK_DETECT -c xyz2spherical.c
mpicc -O3 -march=core-avx2 -ip -no-prec-div -qopenmp -I/opt/intel/oneapi/mkl/2023.0.0/include/fftw -parallel -par-schedule-auto -static-intel -qopenmp-link=static -qopt-malloc-options=3 -I./elpa-2018.05.001 -DLEAK_DETECT -c AngularF.c
mpicc -O3 -march=core-avx2 -ip -no-prec-div -qopenmp -I/opt/intel/oneapi/mkl/2023.0.0/include/fftw -parallel -par-schedule-auto -static-intel -qopenmp-link=static -qopt-malloc-options=3 -I./elpa-2018.05.001 -DLEAK_DETECT -c RadialF.c
mpicc -O3 -march=core-avx2 -ip -no-prec-div -qopenmp -I/opt/intel/oneapi/mkl/2023.0.0/include/fftw -parallel -par-schedule-auto -static-intel -qopenmp-link=static -qopt-malloc-options=3 -I./elpa-2018.05.001 -DLEAK_DETECT -c Dr_RadialF.c
mpicc -O3 -march=core-avx2 -ip -no-prec-div -qopenmp -I/opt/intel/oneapi/mkl/2023.0.0/include/fftw -parallel -par-schedule-auto -static-intel -qopenmp-link=static -qopt-malloc-options=3 -I./elpa-2018.05.001 -DLEAK_DETECT -c PhiF.c
mpicc -O3 -march=core-avx2 -ip -no-prec-div -qopenmp -I/opt/intel/oneapi/mkl/2023.0.0/include/fftw -parallel -par-schedule-auto -static-intel -qopenmp-link=static -qopt-malloc-options=3 -I./elpa-2018.05.001 -DLEAK_DETECT -c VNAF.c
mpicc -O3 -march=core-avx2 -ip -no-prec-div -qopenmp -I/opt/intel/oneapi/mkl/2023.0.0/include/fftw -parallel -par-schedule-auto -static-intel -qopenmp-link=static -qopt-malloc-options=3 -I./elpa-2018.05.001 -DLEAK_DETECT -c Dr_VNAF.c
mpicc -O3 -march=core-avx2 -ip -no-prec-div -qopenmp -I/opt/intel/oneapi/mkl/2023.0.0/include/fftw -parallel -par-schedule-auto -static-intel -qopenmp-link=static -qopt-malloc-options=3 -I./elpa-2018.05.001 -DLEAK_DETECT -c VH_AtomF.c
mpicc -O3 -march=core-avx2 -ip -no-prec-div -qopenmp -I/opt/intel/oneapi/mkl/2023.0.0/include/fftw -parallel -par-schedule-auto -static-intel -qopenmp-link=static -qopt-malloc-options=3 -I./elpa-2018.05.001 -DLEAK_DETECT -c Dr_VH_AtomF.c
mpicc -O3 -march=core-avx2 -ip -no-prec-div -qopenmp -I/opt/intel/oneapi/mkl/2023.0.0/include/fftw -parallel -par-schedule-auto -static-intel -qopenmp-link=static -qopt-malloc-options=3 -I./elpa-2018.05.001 -DLEAK_DETECT -c RF_BesselF.c
mpicc -O3 -march=core-avx2 -ip -no-prec-div -qopenmp -I/opt/intel/oneapi/mkl/2023.0.0/include/fftw -parallel -par-schedule-auto -static-intel -qopenmp-link=static -qopt-malloc-options=3 -I./elpa-2018.05.001 -DLEAK_DETECT -c QuickSort.c
mpicc -O3 -march=core-avx2 -ip -no-prec-div -qopenmp -I/opt/intel/oneapi/mkl/2023.0.0/include/fftw -parallel -par-schedule-auto -static-intel -qopenmp-link=static -qopt-malloc-options=3 -I./elpa-2018.05.001 -DLEAK_DETECT -c Nonlocal_RadialF.c
mpicc -O3 -march=core-avx2 -ip -no-prec-div -qopenmp -I/opt/intel/oneapi/mkl/2023.0.0/include/fftw -parallel -par-schedule-auto -static-intel -qopenmp-link=static -qopt-malloc-options=3 -I./elpa-2018.05.001 -DLEAK_DETECT -c KumoF.c
mpicc -O3 -march=core-avx2 -ip -no-prec-div -qopenmp -I/opt/intel/oneapi/mkl/2023.0.0/include/fftw -parallel -par-schedule-auto -static-intel -qopenmp-link=static -qopt-malloc-options=3 -I./elpa-2018.05.001 -DLEAK_DETECT -c Dr_KumoF.c
mpicc -O3 -march=core-avx2 -ip -no-prec-div -qopenmp -I/opt/intel/oneapi/mkl/2023.0.0/include/fftw -parallel -par-schedule-auto -static-intel -qopenmp-link=static -qopt-malloc-options=3 -I./elpa-2018.05.001 -DLEAK_DETECT -c Mulliken_Charge.c
mpicc -O3 -march=core-avx2 -ip -no-prec-div -qopenmp -I/opt/intel/oneapi/mkl/2023.0.0/include/fftw -parallel -par-schedule-auto -static-intel -qopenmp-link=static -qopt-malloc-options=3 -I./elpa-2018.05.001 -DLEAK_DETECT -c Occupation_Number_LDA_U.c
mpicc -O3 -march=core-avx2 -ip -no-prec-div -qopenmp -I/opt/intel/oneapi/mkl/2023.0.0/include/fftw -parallel -par-schedule-auto -static-intel -qopenmp-link=static -qopt-malloc-options=3 -I./elpa-2018.05.001 -DLEAK_DETECT -c Eff_Hub_Pot.c
mpicc -O3 -march=core-avx2 -ip -no-prec-div -qopenmp -I/opt/intel/oneapi/mkl/2023.0.0/include/fftw -parallel -par-schedule-auto -static-intel -qopenmp-link=static -qopt-malloc-options=3 -I./elpa-2018.05.001 -DLEAK_DETECT -c Coulomb_Interaction.c
mpicc -O3 -march=core-avx2 -ip -no-prec-div -qopenmp -I/opt/intel/oneapi/mkl/2023.0.0/include/fftw -parallel -par-schedule-auto -static-intel -qopenmp-link=static -qopt-malloc-options=3 -I./elpa-2018.05.001 -DLEAK_DETECT -c EulerAngle_Spin.c
mpicc -O3 -march=core-avx2 -ip -no-prec-div -qopenmp -I/opt/intel/oneapi/mkl/2023.0.0/include/fftw -parallel -par-schedule-auto -static-intel -qopenmp-link=static -qopt-malloc-options=3 -I./elpa-2018.05.001 -DLEAK_DETECT -c Smoothing_Func.c
mpicc -O3 -march=core-avx2 -ip -no-prec-div -qopenmp -I/opt/intel/oneapi/mkl/2023.0.0/include/fftw -parallel -par-schedule-auto -static-intel -qopenmp-link=static -qopt-malloc-options=3 -I./elpa-2018.05.001 -DLEAK_DETECT -c Orbital_Moment.c
mpicc -O3 -march=core-avx2 -ip -no-prec-div -qopenmp -I/opt/intel/oneapi/mkl/2023.0.0/include/fftw -parallel -par-schedule-auto -static-intel -qopenmp-link=static -qopt-malloc-options=3 -I./elpa-2018.05.001 -DLEAK_DETECT -c Pot_NeutralAtom.c
mpicc -O3 -march=core-avx2 -ip -no-prec-div -qopenmp -I/opt/intel/oneapi/mkl/2023.0.0/include/fftw -parallel -par-schedule-auto -static-intel -qopenmp-link=static -qopt-malloc-options=3 -I./elpa-2018.05.001 -DLEAK_DETECT -c Simple_Mixing_DM.c
mpicc -O3 -march=core-avx2 -ip -no-prec-div -qopenmp -I/opt/intel/oneapi/mkl/2023.0.0/include/fftw -parallel -par-schedule-auto -static-intel -qopenmp-link=static -qopt-malloc-options=3 -I./elpa-2018.05.001 -DLEAK_DETECT -c DIIS_Mixing_DM.c
mpicc -O3 -march=core-avx2 -ip -no-prec-div -qopenmp -I/opt/intel/oneapi/mkl/2023.0.0/include/fftw -parallel -par-schedule-auto -static-intel -qopenmp-link=static -qopt-malloc-options=3 -I./elpa-2018.05.001 -DLEAK_DETECT -c ADIIS_Mixing_DM.c
mpicc -O3 -march=core-avx2 -ip -no-prec-div -qopenmp -I/opt/intel/oneapi/mkl/2023.0.0/include/fftw -parallel -par-schedule-auto -static-intel -qopenmp-link=static -qopt-malloc-options=3 -I./elpa-2018.05.001 -DLEAK_DETECT -c GR_Pulay_DM.c
mpicc -O3 -march=core-avx2 -ip -no-prec-div -qopenmp -I/opt/intel/oneapi/mkl/2023.0.0/include/fftw -parallel -par-schedule-auto -static-intel -qopenmp-link=static -qopt-malloc-options=3 -I./elpa-2018.05.001 -DLEAK_DETECT -c Kerker_Mixing_Rhok.c
mpicc -O3 -march=core-avx2 -ip -no-prec-div -qopenmp -I/opt/intel/oneapi/mkl/2023.0.0/include/fftw -parallel -par-schedule-auto -static-intel -qopenmp-link=static -qopt-malloc-options=3 -I./elpa-2018.05.001 -DLEAK_DETECT -c DIIS_Mixing_Rhok.c
mpicc -O3 -march=core-avx2 -ip -no-prec-div -qopenmp -I/opt/intel/oneapi/mkl/2023.0.0/include/fftw -parallel -par-schedule-auto -static-intel -qopenmp-link=static -qopt-malloc-options=3 -I./elpa-2018.05.001 -DLEAK_DETECT -c Total_Energy.c
mpicc -O3 -march=core-avx2 -ip -no-prec-div -qopenmp -I/opt/intel/oneapi/mkl/2023.0.0/include/fftw -parallel -par-schedule-auto -static-intel -qopenmp-link=static -qopt-malloc-options=3 -I./elpa-2018.05.001 -DLEAK_DETECT -c Contract_Hamiltonian.c
mpicc -O3 -march=core-avx2 -ip -no-prec-div -qopenmp -I/opt/intel/oneapi/mkl/2023.0.0/include/fftw -parallel -par-schedule-auto -static-intel -qopenmp-link=static -qopt-malloc-options=3 -I./elpa-2018.05.001 -DLEAK_DETECT -c Contract_iHNL.c
mpicc -O3 -march=core-avx2 -ip -no-prec-div -qopenmp -I/opt/intel/oneapi/mkl/2023.0.0/include/fftw -parallel -par-schedule-auto -static-intel -qopenmp-link=static -qopt-malloc-options=3 -I./elpa-2018.05.001 -DLEAK_DETECT -c Cont_Matrix0.c
mpicc -O3 -march=core-avx2 -ip -no-prec-div -qopenmp -I/opt/intel/oneapi/mkl/2023.0.0/include/fftw -parallel -par-schedule-auto -static-intel -qopenmp-link=static -qopt-malloc-options=3 -I./elpa-2018.05.001 -DLEAK_DETECT -c Cont_Matrix1.c
mpicc -O3 -march=core-avx2 -ip -no-prec-div -qopenmp -I/opt/intel/oneapi/mkl/2023.0.0/include/fftw -parallel -par-schedule-auto -static-intel -qopenmp-link=static -qopt-malloc-options=3 -I./elpa-2018.05.001 -DLEAK_DETECT -c Cont_Matrix2.c
mpicc -O3 -march=core-avx2 -ip -no-prec-div -qopenmp -I/opt/intel/oneapi/mkl/2023.0.0/include/fftw -parallel -par-schedule-auto -static-intel -qopenmp-link=static -qopt-malloc-options=3 -I./elpa-2018.05.001 -DLEAK_DETECT -c Cont_Matrix3.c
mpicc -O3 -march=core-avx2 -ip -no-prec-div -qopenmp -I/opt/intel/oneapi/mkl/2023.0.0/include/fftw -parallel -par-schedule-auto -static-intel -qopenmp-link=static -qopt-malloc-options=3 -I./elpa-2018.05.001 -DLEAK_DETECT -c Cont_Matrix4.c
mpicc -O3 -march=core-avx2 -ip -no-prec-div -qopenmp -I/opt/intel/oneapi/mkl/2023.0.0/include/fftw -parallel -par-schedule-auto -static-intel -qopenmp-link=static -qopt-malloc-options=3 -I./elpa-2018.05.001 -DLEAK_DETECT -c Opt_Contraction.c
mpicc -O3 -march=core-avx2 -ip -no-prec-div -qopenmp -I/opt/intel/oneapi/mkl/2023.0.0/include/fftw -parallel -par-schedule-auto -static-intel -qopenmp-link=static -qopt-malloc-options=3 -I./elpa-2018.05.001 -DLEAK_DETECT -c Initial_CntCoes.c
mpicc -O3 -march=core-avx2 -ip -no-prec-div -qopenmp -I/opt/intel/oneapi/mkl/2023.0.0/include/fftw -parallel -par-schedule-auto -static-intel -qopenmp-link=static -qopt-malloc-options=3 -I./elpa-2018.05.001 -DLEAK_DETECT -c Initial_CntCoes2.c
mpicc -O3 -march=core-avx2 -ip -no-prec-div -qopenmp -I/opt/intel/oneapi/mkl/2023.0.0/include/fftw -parallel -par-schedule-auto -static-intel -qopenmp-link=static -qopt-malloc-options=3 -I./elpa-2018.05.001 -DLEAK_DETECT -c Set_XC_Grid.c
mpicc -O3 -march=core-avx2 -ip -no-prec-div -qopenmp -I/opt/intel/oneapi/mkl/2023.0.0/include/fftw -parallel -par-schedule-auto -static-intel -qopenmp-link=static -qopt-malloc-options=3 -I./elpa-2018.05.001 -DLEAK_DETECT -c Set_XC_NL1_Grid.c
mpicc -O3 -march=core-avx2 -ip -no-prec-div -qopenmp -I/opt/intel/oneapi/mkl/2023.0.0/include/fftw -parallel -par-schedule-auto -static-intel -qopenmp-link=static -qopt-malloc-options=3 -I./elpa-2018.05.001 -DLEAK_DETECT -c Get_Orbitals.c
mpicc -O3 -march=core-avx2 -ip -no-prec-div -qopenmp -I/opt/intel/oneapi/mkl/2023.0.0/include/fftw -parallel -par-schedule-auto -static-intel -qopenmp-link=static -qopt-malloc-options=3 -I./elpa-2018.05.001 -DLEAK_DETECT -c Get_dOrbitals.c
mpicc -O3 -march=core-avx2 -ip -no-prec-div -qopenmp -I/opt/intel/oneapi/mkl/2023.0.0/include/fftw -parallel -par-schedule-auto -static-intel -qopenmp-link=static -qopt-malloc-options=3 -I./elpa-2018.05.001 -DLEAK_DETECT -c Get_Cnt_Orbitals.c
mpicc -O3 -march=core-avx2 -ip -no-prec-div -qopenmp -I/opt/intel/oneapi/mkl/2023.0.0/include/fftw -parallel -par-schedule-auto -static-intel -qopenmp-link=static -qopt-malloc-options=3 -I./elpa-2018.05.001 -DLEAK_DETECT -c Get_Cnt_dOrbitals.c
mpicc -O3 -march=core-avx2 -ip -no-prec-div -qopenmp -I/opt/intel/oneapi/mkl/2023.0.0/include/fftw -parallel -par-schedule-auto -static-intel -qopenmp-link=static -qopt-malloc-options=3 -I./elpa-2018.05.001 -DLEAK_DETECT -c Gaunt.c
mpicc -O3 -march=core-avx2 -ip -no-prec-div -qopenmp -I/opt/intel/oneapi/mkl/2023.0.0/include/fftw -parallel -par-schedule-auto -static-intel -qopenmp-link=static -qopt-malloc-options=3 -I./elpa-2018.05.001 -DLEAK_DETECT -c Find_CGrids.c
mpicc -O3 -march=core-avx2 -ip -no-prec-div -qopenmp -I/opt/intel/oneapi/mkl/2023.0.0/include/fftw -parallel -par-schedule-auto -static-intel -qopenmp-link=static -qopt-malloc-options=3 -I./elpa-2018.05.001 -DLEAK_DETECT -c MD_pac.c
mpicc -O3 -march=core-avx2 -ip -no-prec-div -qopenmp -I/opt/intel/oneapi/mkl/2023.0.0/include/fftw -parallel -par-schedule-auto -static-intel -qopenmp-link=static -qopt-malloc-options=3 -I./elpa-2018.05.001 -DLEAK_DETECT -c RestartFileDFT.c
mpicc -O3 -march=core-avx2 -ip -no-prec-div -qopenmp -I/opt/intel/oneapi/mkl/2023.0.0/include/fftw -parallel -par-schedule-auto -static-intel -qopenmp-link=static -qopt-malloc-options=3 -I./elpa-2018.05.001 -DLEAK_DETECT -c Output_CompTime.c
mpicc -O3 -march=core-avx2 -ip -no-prec-div -qopenmp -I/opt/intel/oneapi/mkl/2023.0.0/include/fftw -parallel -par-schedule-auto -static-intel -qopenmp-link=static -qopt-malloc-options=3 -I./elpa-2018.05.001 -DLEAK_DETECT -c Merge_LogFile.c
mpicc -O3 -march=core-avx2 -ip -no-prec-div -qopenmp -I/opt/intel/oneapi/mkl/2023.0.0/include/fftw -parallel -par-schedule-auto -static-intel -qopenmp-link=static -qopt-malloc-options=3 -I./elpa-2018.05.001 -DLEAK_DETECT -c Make_FracCoord.c
mpicc -O3 -march=core-avx2 -ip -no-prec-div -qopenmp -I/opt/intel/oneapi/mkl/2023.0.0/include/fftw -parallel -par-schedule-auto -static-intel -qopenmp-link=static -qopt-malloc-options=3 -I./elpa-2018.05.001 -DLEAK_DETECT -c Make_InputFile_with_FinalCoord.c
mpicc -O3 -march=core-avx2 -ip -no-prec-div -qopenmp -I/opt/intel/oneapi/mkl/2023.0.0/include/fftw -parallel -par-schedule-auto -static-intel -qopenmp-link=static -qopt-malloc-options=3 -I./elpa-2018.05.001 -DLEAK_DETECT -c Output_Energy_Decomposition.c
mpicc -O3 -march=core-avx2 -ip -no-prec-div -qopenmp -I/opt/intel/oneapi/mkl/2023.0.0/include/fftw -parallel -par-schedule-auto -static-intel -qopenmp-link=static -qopt-malloc-options=3 -I./elpa-2018.05.001 -DLEAK_DETECT -c Divide_Conquer.c
mpicc -O3 -march=core-avx2 -ip -no-prec-div -qopenmp -I/opt/intel/oneapi/mkl/2023.0.0/include/fftw -parallel -par-schedule-auto -static-intel -qopenmp-link=static -qopt-malloc-options=3 -I./elpa-2018.05.001 -DLEAK_DETECT -c Divide_Conquer_LNO.c
mpicc -O3 -march=core-avx2 -ip -no-prec-div -qopenmp -I/opt/intel/oneapi/mkl/2023.0.0/include/fftw -parallel -par-schedule-auto -static-intel -qopenmp-link=static -qopt-malloc-options=3 -I./elpa-2018.05.001 -DLEAK_DETECT -c Krylov.c
mpicc -O3 -march=core-avx2 -ip -no-prec-div -qopenmp -I/opt/intel/oneapi/mkl/2023.0.0/include/fftw -parallel -par-schedule-auto -static-intel -qopenmp-link=static -qopt-malloc-options=3 -I./elpa-2018.05.001 -DLEAK_DETECT -c Divide_Conquer_Dosout.c
mpicc -O3 -march=core-avx2 -ip -no-prec-div -qopenmp -I/opt/intel/oneapi/mkl/2023.0.0/include/fftw -parallel -par-schedule-auto -static-intel -qopenmp-link=static -qopt-malloc-options=3 -I./elpa-2018.05.001 -DLEAK_DETECT -c EGAC_DFT.c
mpicc -O3 -march=core-avx2 -ip -no-prec-div -qopenmp -I/opt/intel/oneapi/mkl/2023.0.0/include/fftw -parallel -par-schedule-auto -static-intel -qopenmp-link=static -qopt-malloc-options=3 -I./elpa-2018.05.001 -DLEAK_DETECT -c LNO.c
mpicc -O3 -march=core-avx2 -ip -no-prec-div -qopenmp -I/opt/intel/oneapi/mkl/2023.0.0/include/fftw -parallel -par-schedule-auto -static-intel -qopenmp-link=static -qopt-malloc-options=3 -I./elpa-2018.05.001 -DLEAK_DETECT -c Calc_LNAO.c
mpicc -O3 -march=core-avx2 -ip -no-prec-div -qopenmp -I/opt/intel/oneapi/mkl/2023.0.0/include/fftw -parallel -par-schedule-auto -static-intel -qopenmp-link=static -qopt-malloc-options=3 -I./elpa-2018.05.001 -DLEAK_DETECT -c Calc_LNBO.c
mpicc -O3 -march=core-avx2 -ip -no-prec-div -qopenmp -I/opt/intel/oneapi/mkl/2023.0.0/include/fftw -parallel -par-schedule-auto -static-intel -qopenmp-link=static -qopt-malloc-options=3 -I./elpa-2018.05.001 -DLEAK_DETECT -c Eigen_lapack.c
mpicc -O3 -march=core-avx2 -ip -no-prec-div -qopenmp -I/opt/intel/oneapi/mkl/2023.0.0/include/fftw -parallel -par-schedule-auto -static-intel -qopenmp-link=static -qopt-malloc-options=3 -I./elpa-2018.05.001 -DLEAK_DETECT -c Eigen_lapack2.c
mpicc -O3 -march=core-avx2 -ip -no-prec-div -qopenmp -I/opt/intel/oneapi/mkl/2023.0.0/include/fftw -parallel -par-schedule-auto -static-intel -qopenmp-link=static -qopt-malloc-options=3 -I./elpa-2018.05.001 -DLEAK_DETECT -c Eigen_lapack3.c
mpicc -O3 -march=core-avx2 -ip -no-prec-div -qopenmp -I/opt/intel/oneapi/mkl/2023.0.0/include/fftw -parallel -par-schedule-auto -static-intel -qopenmp-link=static -qopt-malloc-options=3 -I./elpa-2018.05.001 -DLEAK_DETECT -c EigenBand_lapack.c
mpicc -O3 -march=core-avx2 -ip -no-prec-div -qopenmp -I/opt/intel/oneapi/mkl/2023.0.0/include/fftw -parallel -par-schedule-auto -static-intel -qopenmp-link=static -qopt-malloc-options=3 -I./elpa-2018.05.001 -DLEAK_DETECT -c Eigen_PReHH.c
mpicc -O3 -march=core-avx2 -ip -no-prec-div -qopenmp -I/opt/intel/oneapi/mkl/2023.0.0/include/fftw -parallel -par-schedule-auto -static-intel -qopenmp-link=static -qopt-malloc-options=3 -I./elpa-2018.05.001 -DLEAK_DETECT -c BroadCast_ReMatrix.c
mpicc -O3 -march=core-avx2 -ip -no-prec-div -qopenmp -I/opt/intel/oneapi/mkl/2023.0.0/include/fftw -parallel -par-schedule-auto -static-intel -qopenmp-link=static -qopt-malloc-options=3 -I./elpa-2018.05.001 -DLEAK_DETECT -c Eigen_PHH.c
mpicc -O3 -march=core-avx2 -ip -no-prec-div -qopenmp -I/opt/intel/oneapi/mkl/2023.0.0/include/fftw -parallel -par-schedule-auto -static-intel -qopenmp-link=static -qopt-malloc-options=3 -I./elpa-2018.05.001 -DLEAK_DETECT -c BroadCast_ComplexMatrix.c
mpicc -O3 -march=core-avx2 -ip -no-prec-div -qopenmp -I/opt/intel/oneapi/mkl/2023.0.0/include/fftw -parallel -par-schedule-auto -static-intel -qopenmp-link=static -qopt-malloc-options=3 -I./elpa-2018.05.001 -DLEAK_DETECT -c lapack_dstedc1.c
mpicc -O3 -march=core-avx2 -ip -no-prec-div -qopenmp -I/opt/intel/oneapi/mkl/2023.0.0/include/fftw -parallel -par-schedule-auto -static-intel -qopenmp-link=static -qopt-malloc-options=3 -I./elpa-2018.05.001 -DLEAK_DETECT -c lapack_dstedc2.c
mpicc -O3 -march=core-avx2 -ip -no-prec-div -qopenmp -I/opt/intel/oneapi/mkl/2023.0.0/include/fftw -parallel -par-schedule-auto -static-intel -qopenmp-link=static -qopt-malloc-options=3 -I./elpa-2018.05.001 -DLEAK_DETECT -c lapack_dstedc3.c
mpicc -O3 -march=core-avx2 -ip -no-prec-div -qopenmp -I/opt/intel/oneapi/mkl/2023.0.0/include/fftw -parallel -par-schedule-auto -static-intel -qopenmp-link=static -qopt-malloc-options=3 -I./elpa-2018.05.001 -DLEAK_DETECT -c lapack_dstegr1.c
mpicc -O3 -march=core-avx2 -ip -no-prec-div -qopenmp -I/opt/intel/oneapi/mkl/2023.0.0/include/fftw -parallel -par-schedule-auto -static-intel -qopenmp-link=static -qopt-malloc-options=3 -I./elpa-2018.05.001 -DLEAK_DETECT -c lapack_dstegr2.c
mpicc -O3 -march=core-avx2 -ip -no-prec-div -qopenmp -I/opt/intel/oneapi/mkl/2023.0.0/include/fftw -parallel -par-schedule-auto -static-intel -qopenmp-link=static -qopt-malloc-options=3 -I./elpa-2018.05.001 -DLEAK_DETECT -c lapack_dstegr3.c
mpicc -O3 -march=core-avx2 -ip -no-prec-div -qopenmp -I/opt/intel/oneapi/mkl/2023.0.0/include/fftw -parallel -par-schedule-auto -static-intel -qopenmp-link=static -qopt-malloc-options=3 -I./elpa-2018.05.001 -DLEAK_DETECT -c lapack_dstevx1.c
mpicc -O3 -march=core-avx2 -ip -no-prec-div -qopenmp -I/opt/intel/oneapi/mkl/2023.0.0/include/fftw -parallel -par-schedule-auto -static-intel -qopenmp-link=static -qopt-malloc-options=3 -I./elpa-2018.05.001 -DLEAK_DETECT -c lapack_dstevx2.c
mpicc -O3 -march=core-avx2 -ip -no-prec-div -qopenmp -I/opt/intel/oneapi/mkl/2023.0.0/include/fftw -parallel -par-schedule-auto -static-intel -qopenmp-link=static -qopt-malloc-options=3 -I./elpa-2018.05.001 -DLEAK_DETECT -c lapack_dstevx3.c
mpicc -O3 -march=core-avx2 -ip -no-prec-div -qopenmp -I/opt/intel/oneapi/mkl/2023.0.0/include/fftw -parallel -par-schedule-auto -static-intel -qopenmp-link=static -qopt-malloc-options=3 -I./elpa-2018.05.001 -DLEAK_DETECT -c lapack_dstevx4.c
mpicc -O3 -march=core-avx2 -ip -no-prec-div -qopenmp -I/opt/intel/oneapi/mkl/2023.0.0/include/fftw -parallel -par-schedule-auto -static-intel -qopenmp-link=static -qopt-malloc-options=3 -I./elpa-2018.05.001 -DLEAK_DETECT -c lapack_dstevx5.c
mpicc -O3 -march=core-avx2 -ip -no-prec-div -qopenmp -I/opt/intel/oneapi/mkl/2023.0.0/include/fftw -parallel -par-schedule-auto -static-intel -qopenmp-link=static -qopt-malloc-options=3 -I./elpa-2018.05.001 -DLEAK_DETECT -c lapack_dsteqr1.c
mpicc -O3 -march=core-avx2 -ip -no-prec-div -qopenmp -I/opt/intel/oneapi/mkl/2023.0.0/include/fftw -parallel -par-schedule-auto -static-intel -qopenmp-link=static -qopt-malloc-options=3 -I./elpa-2018.05.001 -DLEAK_DETECT -c Nonlocal_Basis.c
mpicc -O3 -march=core-avx2 -ip -no-prec-div -qopenmp -I/opt/intel/oneapi/mkl/2023.0.0/include/fftw -parallel -par-schedule-auto -static-intel -qopenmp-link=static -qopt-malloc-options=3 -I./elpa-2018.05.001 -DLEAK_DETECT -c Set_OLP_Kin.c
mpicc -O3 -march=core-avx2 -ip -no-prec-div -qopenmp -I/opt/intel/oneapi/mkl/2023.0.0/include/fftw -parallel -par-schedule-auto -static-intel -qopenmp-link=static -qopt-malloc-options=3 -I./elpa-2018.05.001 -DLEAK_DETECT -c Set_Nonlocal.c
mpicc -O3 -march=core-avx2 -ip -no-prec-div -qopenmp -I/opt/intel/oneapi/mkl/2023.0.0/include/fftw -parallel -par-schedule-auto -static-intel -qopenmp-link=static -qopt-malloc-options=3 -I./elpa-2018.05.001 -DLEAK_DETECT -c Set_ProExpn_VNA.c
mpicc -O3 -march=core-avx2 -ip -no-prec-div -qopenmp -I/opt/intel/oneapi/mkl/2023.0.0/include/fftw -parallel -par-schedule-auto -static-intel -qopenmp-link=static -qopt-malloc-options=3 -I./elpa-2018.05.001 -DLEAK_DETECT -c Set_CoreHoleMatrix.c
mpicc -O3 -march=core-avx2 -ip -no-prec-div -qopenmp -I/opt/intel/oneapi/mkl/2023.0.0/include/fftw -parallel -par-schedule-auto -static-intel -qopenmp-link=static -qopt-malloc-options=3 -I./elpa-2018.05.001 -DLEAK_DETECT -c Set_XMCD_penalty.c
mpicc -O3 -march=core-avx2 -ip -no-prec-div -qopenmp -I/opt/intel/oneapi/mkl/2023.0.0/include/fftw -parallel -par-schedule-auto -static-intel -qopenmp-link=static -qopt-malloc-options=3 -I./elpa-2018.05.001 -DLEAK_DETECT -c Set_OLP_p.c
mpicc -O3 -march=core-avx2 -ip -no-prec-div -qopenmp -I/opt/intel/oneapi/mkl/2023.0.0/include/fftw -parallel -par-schedule-auto -static-intel -qopenmp-link=static -qopt-malloc-options=3 -I./elpa-2018.05.001 -DLEAK_DETECT -c Set_Hamiltonian.c
mpicc -O3 -march=core-avx2 -ip -no-prec-div -qopenmp -I/opt/intel/oneapi/mkl/2023.0.0/include/fftw -parallel -par-schedule-auto -static-intel -qopenmp-link=static -qopt-malloc-options=3 -I./elpa-2018.05.001 -DLEAK_DETECT -c Set_Vpot.c
mpicc -O3 -march=core-avx2 -ip -no-prec-div -qopenmp -I/opt/intel/oneapi/mkl/2023.0.0/include/fftw -parallel -par-schedule-auto -static-intel -qopenmp-link=static -qopt-malloc-options=3 -I./elpa-2018.05.001 -DLEAK_DETECT -c Voronoi_Charge.c
mpicc -O3 -march=core-avx2 -ip -no-prec-div -qopenmp -I/opt/intel/oneapi/mkl/2023.0.0/include/fftw -parallel -par-schedule-auto -static-intel -qopenmp-link=static -qopt-malloc-options=3 -I./elpa-2018.05.001 -DLEAK_DETECT -c Voronoi_Orbital_Moment.c
mpicc -O3 -march=core-avx2 -ip -no-prec-div -qopenmp -I/opt/intel/oneapi/mkl/2023.0.0/include/fftw -parallel -par-schedule-auto -static-intel -qopenmp-link=static -qopt-malloc-options=3 -I./elpa-2018.05.001 -DLEAK_DETECT -c Fuzzy_Weight.c
mpicc -O3 -march=core-avx2 -ip -no-prec-div -qopenmp -I/opt/intel/oneapi/mkl/2023.0.0/include/fftw -parallel -par-schedule-auto -static-intel -qopenmp-link=static -qopt-malloc-options=3 -I./elpa-2018.05.001 -DLEAK_DETECT -c dampingF.c
mpicc -O3 -march=core-avx2 -ip -no-prec-div -qopenmp -I/opt/intel/oneapi/mkl/2023.0.0/include/fftw -parallel -par-schedule-auto -static-intel -qopenmp-link=static -qopt-malloc-options=3 -I./elpa-2018.05.001 -DLEAK_DETECT -c deri_dampingF.c
mpicc -O3 -march=core-avx2 -ip -no-prec-div -qopenmp -I/opt/intel/oneapi/mkl/2023.0.0/include/fftw -parallel -par-schedule-auto -static-intel -qopenmp-link=static -qopt-malloc-options=3 -I./elpa-2018.05.001 -DLEAK_DETECT -c Spherical_Bessel.c
mpicc -O3 -march=core-avx2 -ip -no-prec-div -qopenmp -I/opt/intel/oneapi/mkl/2023.0.0/include/fftw -parallel -par-schedule-auto -static-intel -qopenmp-link=static -qopt-malloc-options=3 -I./elpa-2018.05.001 -DLEAK_DETECT -c iterout.c
mpicc -O3 -march=core-avx2 -ip -no-prec-div -qopenmp -I/opt/intel/oneapi/mkl/2023.0.0/include/fftw -parallel -par-schedule-auto -static-intel -qopenmp-link=static -qopt-malloc-options=3 -I./elpa-2018.05.001 -DLEAK_DETECT -c iterout_md.c
mpicc -O3 -march=core-avx2 -ip -no-prec-div -qopenmp -I/opt/intel/oneapi/mkl/2023.0.0/include/fftw -parallel -par-schedule-auto -static-intel -qopenmp-link=static -qopt-malloc-options=3 -I./elpa-2018.05.001 -DLEAK_DETECT -c Allocate_Arrays.c
mpicc -O3 -march=core-avx2 -ip -no-prec-div -qopenmp -I/opt/intel/oneapi/mkl/2023.0.0/include/fftw -parallel -par-schedule-auto -static-intel -qopenmp-link=static -qopt-malloc-options=3 -I./elpa-2018.05.001 -DLEAK_DETECT -c Free_Arrays.c
mpicc -O3 -march=core-avx2 -ip -no-prec-div -qopenmp -I/opt/intel/oneapi/mkl/2023.0.0/include/fftw -parallel -par-schedule-auto -static-intel -qopenmp-link=static -qopt-malloc-options=3 -I./elpa-2018.05.001 -DLEAK_DETECT -c Init_List_YOUSO.c
mpicc -O3 -march=core-avx2 -ip -no-prec-div -qopenmp -I/opt/intel/oneapi/mkl/2023.0.0/include/fftw -parallel -par-schedule-auto -static-intel -qopenmp-link=static -qopt-malloc-options=3 -I./elpa-2018.05.001 -DLEAK_DETECT -c outputfile1.c
mpicc -O3 -march=core-avx2 -ip -no-prec-div -qopenmp -I/opt/intel/oneapi/mkl/2023.0.0/include/fftw -parallel -par-schedule-auto -static-intel -qopenmp-link=static -qopt-malloc-options=3 -I./elpa-2018.05.001 -DLEAK_DETECT -c malloc_multidimarray.c 
mpicc -O3 -march=core-avx2 -ip -no-prec-div -qopenmp -I/opt/intel/oneapi/mkl/2023.0.0/include/fftw -parallel -par-schedule-auto -static-intel -qopenmp-link=static -qopt-malloc-options=3 -I./elpa-2018.05.001 -DLEAK_DETECT -c PrintMemory.c 
mpicc -O3 -march=core-avx2 -ip -no-prec-div -qopenmp -I/opt/intel/oneapi/mkl/2023.0.0/include/fftw -parallel -par-schedule-auto -static-intel -qopenmp-link=static -qopt-malloc-options=3 -I./elpa-2018.05.001 -DLEAK_DETECT -c PrintMemory_Fix.c 
mpicc -O3 -march=core-avx2 -ip -no-prec-div -qopenmp -I/opt/intel/oneapi/mkl/2023.0.0/include/fftw -parallel -par-schedule-auto -static-intel -qopenmp-link=static -qopt-malloc-options=3 -I./elpa-2018.05.001 -DLEAK_DETECT -c dtime.c 
mpicc -O3 -march=core-avx2 -ip -no-prec-div -qopenmp -I/opt/intel/oneapi/mkl/2023.0.0/include/fftw -parallel -par-schedule-auto -static-intel -qopenmp-link=static -qopt-malloc-options=3 -I./elpa-2018.05.001 -DLEAK_DETECT -c OutData.c
mpicc -O3 -march=core-avx2 -ip -no-prec-div -qopenmp -I/opt/intel/oneapi/mkl/2023.0.0/include/fftw -parallel -par-schedule-auto -static-intel -qopenmp-link=static -qopt-malloc-options=3 -I./elpa-2018.05.001 -DLEAK_DETECT -c init_alloc_first.c
mpicc -O3 -march=core-avx2 -ip -no-prec-div -qopenmp -I/opt/intel/oneapi/mkl/2023.0.0/include/fftw -parallel -par-schedule-auto -static-intel -qopenmp-link=static -qopt-malloc-options=3 -I./elpa-2018.05.001 -DLEAK_DETECT -c File_CntCoes.c
mpicc -O3 -march=core-avx2 -ip -no-prec-div -qopenmp -I/opt/intel/oneapi/mkl/2023.0.0/include/fftw -parallel -par-schedule-auto -static-intel -qopenmp-link=static -qopt-malloc-options=3 -I./elpa-2018.05.001 -DLEAK_DETECT -c SCF2File.c
mpicc -O3 -march=core-avx2 -ip -no-prec-div -qopenmp -I/opt/intel/oneapi/mkl/2023.0.0/include/fftw -parallel -par-schedule-auto -static-intel -qopenmp-link=static -qopt-malloc-options=3 -I./elpa-2018.05.001 -DLEAK_DETECT -c mimic_sse.c
mpicc -O3 -march=core-avx2 -ip -no-prec-div -qopenmp -I/opt/intel/oneapi/mkl/2023.0.0/include/fftw -parallel -par-schedule-auto -static-intel -qopenmp-link=static -qopt-malloc-options=3 -I./elpa-2018.05.001 -DLEAK_DETECT -c Make_Comm_Worlds.c
mpicc -O3 -march=core-avx2 -ip -no-prec-div -qopenmp -I/opt/intel/oneapi/mkl/2023.0.0/include/fftw -parallel -par-schedule-auto -static-intel -qopenmp-link=static -qopt-malloc-options=3 -I./elpa-2018.05.001 -DLEAK_DETECT -c Set_Allocate_Atom2CPU.c
mpicc -O3 -march=core-avx2 -ip -no-prec-div -qopenmp -I/opt/intel/oneapi/mkl/2023.0.0/include/fftw -parallel -par-schedule-auto -static-intel -qopenmp-link=static -qopt-malloc-options=3 -I./elpa-2018.05.001 -DLEAK_DETECT -c Cutoff.c
mpicc -O3 -march=core-avx2 -ip -no-prec-div -qopenmp -I/opt/intel/oneapi/mkl/2023.0.0/include/fftw -parallel -par-schedule-auto -static-intel -qopenmp-link=static -qopt-malloc-options=3 -I./elpa-2018.05.001 -DLEAK_DETECT -c Generating_MP_Special_Kpt.c
mpicc -O3 -march=core-avx2 -ip -no-prec-div -qopenmp -I/opt/intel/oneapi/mkl/2023.0.0/include/fftw -parallel -par-schedule-auto -static-intel -qopenmp-link=static -qopt-malloc-options=3 -I./elpa-2018.05.001 -DLEAK_DETECT -c Maketest.c
mpicc -O3 -march=core-avx2 -ip -no-prec-div -qopenmp -I/opt/intel/oneapi/mkl/2023.0.0/include/fftw -parallel -par-schedule-auto -static-intel -qopenmp-link=static -qopt-malloc-options=3 -I./elpa-2018.05.001 -DLEAK_DETECT -c Runtest.c
mpicc -O3 -march=core-avx2 -ip -no-prec-div -qopenmp -I/opt/intel/oneapi/mkl/2023.0.0/include/fftw -parallel -par-schedule-auto -static-intel -qopenmp-link=static -qopt-malloc-options=3 -I./elpa-2018.05.001 -DLEAK_DETECT -c Memory_Leak_test.c
mpicc -O3 -march=core-avx2 -ip -no-prec-div -qopenmp -I/opt/intel/oneapi/mkl/2023.0.0/include/fftw -parallel -par-schedule-auto -static-intel -qopenmp-link=static -qopt-malloc-options=3 -I./elpa-2018.05.001 -DLEAK_DETECT -c Force_test.c
mpicc -O3 -march=core-avx2 -ip -no-prec-div -qopenmp -I/opt/intel/oneapi/mkl/2023.0.0/include/fftw -parallel -par-schedule-auto -static-intel -qopenmp-link=static -qopt-malloc-options=3 -I./elpa-2018.05.001 -DLEAK_DETECT -c Stress_test.c
mpicc -O3 -march=core-avx2 -ip -no-prec-div -qopenmp -I/opt/intel/oneapi/mkl/2023.0.0/include/fftw -parallel -par-schedule-auto -static-intel -qopenmp-link=static -qopt-malloc-options=3 -I./elpa-2018.05.001 -DLEAK_DETECT -c Show_DFT_DATA.c
mpicc -O3 -march=core-avx2 -ip -no-prec-div -qopenmp -I/opt/intel/oneapi/mkl/2023.0.0/include/fftw -parallel -par-schedule-auto -static-intel -qopenmp-link=static -qopt-malloc-options=3 -I./elpa-2018.05.001 -DLEAK_DETECT -c Generate_Wannier.c
mpicc -O3 -march=core-avx2 -ip -no-prec-div -qopenmp -I/opt/intel/oneapi/mkl/2023.0.0/include/fftw -parallel -par-schedule-auto -static-intel -qopenmp-link=static -qopt-malloc-options=3 -I./elpa-2018.05.001 -DLEAK_DETECT -c TRAN_Allocate.c
mpicc -O3 -march=core-avx2 -ip -no-prec-div -qopenmp -I/opt/intel/oneapi/mkl/2023.0.0/include/fftw -parallel -par-schedule-auto -static-intel -qopenmp-link=static -qopt-malloc-options=3 -I./elpa-2018.05.001 -DLEAK_DETECT -c TRAN_DFT.c
mpicc -O3 -march=core-avx2 -ip -no-prec-div -qopenmp -I/opt/intel/oneapi/mkl/2023.0.0/include/fftw -parallel -par-schedule-auto -static-intel -qopenmp-link=static -qopt-malloc-options=3 -I./elpa-2018.05.001 -DLEAK_DETECT -c TRAN_DFT_Dosout.c
mpicc -O3 -march=core-avx2 -ip -no-prec-div -qopenmp -I/opt/intel/oneapi/mkl/2023.0.0/include/fftw -parallel -par-schedule-auto -static-intel -qopenmp-link=static -qopt-malloc-options=3 -I./elpa-2018.05.001 -DLEAK_DETECT -c TRAN_Apply_Bias2e.c
mpicc -O3 -march=core-avx2 -ip -no-prec-div -qopenmp -I/opt/intel/oneapi/mkl/2023.0.0/include/fftw -parallel -par-schedule-auto -static-intel -qopenmp-link=static -qopt-malloc-options=3 -I./elpa-2018.05.001 -DLEAK_DETECT -c TRAN_Deallocate_Electrode_Grid.c
mpicc -O3 -march=core-avx2 -ip -no-prec-div -qopenmp -I/opt/intel/oneapi/mkl/2023.0.0/include/fftw -parallel -par-schedule-auto -static-intel -qopenmp-link=static -qopt-malloc-options=3 -I./elpa-2018.05.001 -DLEAK_DETECT -c TRAN_Deallocate_RestartFile.c
mpicc -O3 -march=core-avx2 -ip -no-prec-div -qopenmp -I/opt/intel/oneapi/mkl/2023.0.0/include/fftw -parallel -par-schedule-auto -static-intel -qopenmp-link=static -qopt-malloc-options=3 -I./elpa-2018.05.001 -DLEAK_DETECT -c TRAN_RestartFile.c
mpicc -O3 -march=core-avx2 -ip -no-prec-div -qopenmp -I/opt/intel/oneapi/mkl/2023.0.0/include/fftw -parallel -par-schedule-auto -static-intel -qopenmp-link=static -qopt-malloc-options=3 -I./elpa-2018.05.001 -DLEAK_DETECT -c TRAN_Calc_CentGreen.c
mpicc -O3 -march=core-avx2 -ip -no-prec-div -qopenmp -I/opt/intel/oneapi/mkl/2023.0.0/include/fftw -parallel -par-schedule-auto -static-intel -qopenmp-link=static -qopt-malloc-options=3 -I./elpa-2018.05.001 -DLEAK_DETECT -c TRAN_Input_std.c
mpicc -O3 -march=core-avx2 -ip -no-prec-div -qopenmp -I/opt/intel/oneapi/mkl/2023.0.0/include/fftw -parallel -par-schedule-auto -static-intel -qopenmp-link=static -qopt-malloc-options=3 -I./elpa-2018.05.001 -DLEAK_DETECT -c TRAN_Set_CentOverlap.c
mpicc -O3 -march=core-avx2 -ip -no-prec-div -qopenmp -I/opt/intel/oneapi/mkl/2023.0.0/include/fftw -parallel -par-schedule-auto -static-intel -qopenmp-link=static -qopt-malloc-options=3 -I./elpa-2018.05.001 -DLEAK_DETECT -c TRAN_Calc_CentGreenLesser.c
mpicc -O3 -march=core-avx2 -ip -no-prec-div -qopenmp -I/opt/intel/oneapi/mkl/2023.0.0/include/fftw -parallel -par-schedule-auto -static-intel -qopenmp-link=static -qopt-malloc-options=3 -I./elpa-2018.05.001 -DLEAK_DETECT -c TRAN_Input_std_Atoms.c
mpicc -O3 -march=core-avx2 -ip -no-prec-div -qopenmp -I/opt/intel/oneapi/mkl/2023.0.0/include/fftw -parallel -par-schedule-auto -static-intel -qopenmp-link=static -qopt-malloc-options=3 -I./elpa-2018.05.001 -DLEAK_DETECT -c TRAN_Set_Electrode_Grid.c
mpicc -O3 -march=core-avx2 -ip -no-prec-div -qopenmp -I/opt/intel/oneapi/mkl/2023.0.0/include/fftw -parallel -par-schedule-auto -static-intel -qopenmp-link=static -qopt-malloc-options=3 -I./elpa-2018.05.001 -DLEAK_DETECT -c TRAN_Calc_GridBound.c
mpicc -O3 -march=core-avx2 -ip -no-prec-div -qopenmp -I/opt/intel/oneapi/mkl/2023.0.0/include/fftw -parallel -par-schedule-auto -static-intel -qopenmp-link=static -qopt-malloc-options=3 -I./elpa-2018.05.001 -DLEAK_DETECT -c TRAN_Set_IntegPath.c
mpicc -O3 -march=core-avx2 -ip -no-prec-div -qopenmp -I/opt/intel/oneapi/mkl/2023.0.0/include/fftw -parallel -par-schedule-auto -static-intel -qopenmp-link=static -qopt-malloc-options=3 -I./elpa-2018.05.001 -DLEAK_DETECT -c TRAN_Output_HKS.c
mpicc -O3 -march=core-avx2 -ip -no-prec-div -qopenmp -I/opt/intel/oneapi/mkl/2023.0.0/include/fftw -parallel -par-schedule-auto -static-intel -qopenmp-link=static -qopt-malloc-options=3 -I./elpa-2018.05.001 -DLEAK_DETECT -c TRAN_Set_MP.c
mpicc -O3 -march=core-avx2 -ip -no-prec-div -qopenmp -I/opt/intel/oneapi/mkl/2023.0.0/include/fftw -parallel -par-schedule-auto -static-intel -qopenmp-link=static -qopt-malloc-options=3 -I./elpa-2018.05.001 -DLEAK_DETECT -c TRAN_Calc_SelfEnergy.c
mpicc -O3 -march=core-avx2 -ip -no-prec-div -qopenmp -I/opt/intel/oneapi/mkl/2023.0.0/include/fftw -parallel -par-schedule-auto -static-intel -qopenmp-link=static -qopt-malloc-options=3 -I./elpa-2018.05.001 -DLEAK_DETECT -c TRAN_Output_Trans_HS.c
mpicc -O3 -march=core-avx2 -ip -no-prec-div -qopenmp -I/opt/intel/oneapi/mkl/2023.0.0/include/fftw -parallel -par-schedule-auto -static-intel -qopenmp-link=static -qopt-malloc-options=3 -I./elpa-2018.05.001 -DLEAK_DETECT -c TRAN_Calc_Hopping_G.c
mpicc -O3 -march=core-avx2 -ip -no-prec-div -qopenmp -I/opt/intel/oneapi/mkl/2023.0.0/include/fftw -parallel -par-schedule-auto -static-intel -qopenmp-link=static -qopt-malloc-options=3 -I./elpa-2018.05.001 -DLEAK_DETECT -c TRAN_Calc_SurfGreen.c
mpicc -O3 -march=core-avx2 -ip -no-prec-div -qopenmp -I/opt/intel/oneapi/mkl/2023.0.0/include/fftw -parallel -par-schedule-auto -static-intel -qopenmp-link=static -qopt-malloc-options=3 -I./elpa-2018.05.001 -DLEAK_DETECT -c TRAN_Set_SurfOverlap.c
mpicc -O3 -march=core-avx2 -ip -no-prec-div -qopenmp -I/opt/intel/oneapi/mkl/2023.0.0/include/fftw -parallel -par-schedule-auto -static-intel -qopenmp-link=static -qopt-malloc-options=3 -I./elpa-2018.05.001 -DLEAK_DETECT -c TRAN_Add_Density_Lead.c
mpicc -O3 -march=core-avx2 -ip -no-prec-div -qopenmp -I/opt/intel/oneapi/mkl/2023.0.0/include/fftw -parallel -par-schedule-auto -static-intel -qopenmp-link=static -qopt-malloc-options=3 -I./elpa-2018.05.001 -DLEAK_DETECT -c TRAN_Add_ADensity_Lead.c
mpicc -O3 -march=core-avx2 -ip -no-prec-div -qopenmp -I/opt/intel/oneapi/mkl/2023.0.0/include/fftw -parallel -par-schedule-auto -static-intel -qopenmp-link=static -qopt-malloc-options=3 -I./elpa-2018.05.001 -DLEAK_DETECT -c TRAN_Set_Value.c
mpicc -O3 -march=core-avx2 -ip -no-prec-div -qopenmp -I/opt/intel/oneapi/mkl/2023.0.0/include/fftw -parallel -par-schedule-auto -static-intel -qopenmp-link=static -qopt-malloc-options=3 -I./elpa-2018.05.001 -DLEAK_DETECT -c TRAN_Poisson.c
mpicc -O3 -march=core-avx2 -ip -no-prec-div -qopenmp -I/opt/intel/oneapi/mkl/2023.0.0/include/fftw -parallel -par-schedule-auto -static-intel -qopenmp-link=static -qopt-malloc-options=3 -I./elpa-2018.05.001 -DLEAK_DETECT -c TRAN_adjust_Ngrid.c
mpicc -O3 -march=core-avx2 -ip -no-prec-div -qopenmp -I/opt/intel/oneapi/mkl/2023.0.0/include/fftw -parallel -par-schedule-auto -static-intel -qopenmp-link=static -qopt-malloc-options=3 -I./elpa-2018.05.001 -DLEAK_DETECT -c TRAN_Print.c
mpicc -O3 -march=core-avx2 -ip -no-prec-div -qopenmp -I/opt/intel/oneapi/mkl/2023.0.0/include/fftw -parallel -par-schedule-auto -static-intel -qopenmp-link=static -qopt-malloc-options=3 -I./elpa-2018.05.001 -DLEAK_DETECT -c TRAN_Print_Grid.c
mpicc -O3 -march=core-avx2 -ip -no-prec-div -qopenmp -I/opt/intel/oneapi/mkl/2023.0.0/include/fftw -parallel -par-schedule-auto -static-intel -qopenmp-link=static -qopt-malloc-options=3 -I./elpa-2018.05.001 -DLEAK_DETECT -c Lapack_LU_inverse.c
mpicc -O3 -march=core-avx2 -ip -no-prec-div -qopenmp -I/opt/intel/oneapi/mkl/2023.0.0/include/fftw -parallel -par-schedule-auto -static-intel -qopenmp-link=static -qopt-malloc-options=3 -I./elpa-2018.05.001 -DLEAK_DETECT -c TRAN_Distribute_Node.c
mpicc -O3 -march=core-avx2 -ip -no-prec-div -qopenmp -I/opt/intel/oneapi/mkl/2023.0.0/include/fftw -parallel -par-schedule-auto -static-intel -qopenmp-link=static -qopt-malloc-options=3 -I./elpa-2018.05.001 -DLEAK_DETECT -c TRAN_Output_HKS_Write_Grid.c
mpicc -O3 -march=core-avx2 -ip -no-prec-div -qopenmp -I/opt/intel/oneapi/mkl/2023.0.0/include/fftw -parallel -par-schedule-auto -static-intel -qopenmp-link=static -qopt-malloc-options=3 -I./elpa-2018.05.001 -DLEAK_DETECT -c TRAN_Credit.c
mpicc -O3 -march=core-avx2 -ip -no-prec-div -qopenmp -I/opt/intel/oneapi/mkl/2023.0.0/include/fftw -parallel -par-schedule-auto -static-intel -qopenmp-link=static -qopt-malloc-options=3 -I./elpa-2018.05.001 -DLEAK_DETECT -c TRAN_Check_Region_Lead.c
mpicc -O3 -march=core-avx2 -ip -no-prec-div -qopenmp -I/opt/intel/oneapi/mkl/2023.0.0/include/fftw -parallel -par-schedule-auto -static-intel -qopenmp-link=static -qopt-malloc-options=3 -I./elpa-2018.05.001 -DLEAK_DETECT -c TRAN_Check_Region.c
mpicc -O3 -march=core-avx2 -ip -no-prec-div -qopenmp -I/opt/intel/oneapi/mkl/2023.0.0/include/fftw -parallel -par-schedule-auto -static-intel -qopenmp-link=static -qopt-malloc-options=3 -I./elpa-2018.05.001 -DLEAK_DETECT -c TRAN_Check_Input.c
mpicc -O3 -march=core-avx2 -ip -no-prec-div -qopenmp -I/opt/intel/oneapi/mkl/2023.0.0/include/fftw -parallel -par-schedule-auto -static-intel -qopenmp-link=static -qopt-malloc-options=3 -I./elpa-2018.05.001 -DLEAK_DETECT -c DFTDvdW_init.c
mpicc -O3 -march=core-avx2 -ip -no-prec-div -qopenmp -I/opt/intel/oneapi/mkl/2023.0.0/include/fftw -parallel -par-schedule-auto -static-intel -qopenmp-link=static -qopt-malloc-options=3 -I./elpa-2018.05.001 -DLEAK_DETECT -c DFTD3vdW_init.c
mpicc -O3 -march=core-avx2 -ip -no-prec-div -qopenmp -I/opt/intel/oneapi/mkl/2023.0.0/include/fftw -parallel -par-schedule-auto -static-intel -qopenmp-link=static -qopt-malloc-options=3 -I./elpa-2018.05.001 -DLEAK_DETECT -c neb.c
mpicc -O3 -march=core-avx2 -ip -no-prec-div -qopenmp -I/opt/intel/oneapi/mkl/2023.0.0/include/fftw -parallel -par-schedule-auto -static-intel -qopenmp-link=static -qopt-malloc-options=3 -I./elpa-2018.05.001 -DLEAK_DETECT -c neb_run.c
mpicc -O3 -march=core-avx2 -ip -no-prec-div -qopenmp -I/opt/intel/oneapi/mkl/2023.0.0/include/fftw -parallel -par-schedule-auto -static-intel -qopenmp-link=static -qopt-malloc-options=3 -I./elpa-2018.05.001 -DLEAK_DETECT -c neb_check.c
mpicc -O3 -march=core-avx2 -ip -no-prec-div -qopenmp -I/opt/intel/oneapi/mkl/2023.0.0/include/fftw -parallel -par-schedule-auto -static-intel -qopenmp-link=static -qopt-malloc-options=3 -I./elpa-2018.05.001 -DLEAK_DETECT -c TRAN_Allocate_NC.c
mpicc -O3 -march=core-avx2 -ip -no-prec-div -qopenmp -I/opt/intel/oneapi/mkl/2023.0.0/include/fftw -parallel -par-schedule-auto -static-intel -qopenmp-link=static -qopt-malloc-options=3 -I./elpa-2018.05.001 -DLEAK_DETECT -c TRAN_DFT_NC.c
mpicc -O3 -march=core-avx2 -ip -no-prec-div -qopenmp -I/opt/intel/oneapi/mkl/2023.0.0/include/fftw -parallel -par-schedule-auto -static-intel -qopenmp-link=static -qopt-malloc-options=3 -I./elpa-2018.05.001 -DLEAK_DETECT -c TRAN_Set_CentOverlap_NC.c
mpicc -O3 -march=core-avx2 -ip -no-prec-div -qopenmp -I/opt/intel/oneapi/mkl/2023.0.0/include/fftw -parallel -par-schedule-auto -static-intel -qopenmp-link=static -qopt-malloc-options=3 -I./elpa-2018.05.001 -DLEAK_DETECT -c TRAN_Set_SurfOverlap_NC.c
mpicc -O3 -march=core-avx2 -ip -no-prec-div -qopenmp -I/opt/intel/oneapi/mkl/2023.0.0/include/fftw -parallel -par-schedule-auto -static-intel -qopenmp-link=static -qopt-malloc-options=3 -I./elpa-2018.05.001 -DLEAK_DETECT -c TRAN_Calc_OneTransmission.c
mpicc -O3 -march=core-avx2 -ip -no-prec-div -qopenmp -I/opt/intel/oneapi/mkl/2023.0.0/include/fftw -parallel -par-schedule-auto -static-intel -qopenmp-link=static -qopt-malloc-options=3 -I./elpa-2018.05.001 -DLEAK_DETECT -c TRAN_Main_Analysis.c
mpicc -O3 -march=core-avx2 -ip -no-prec-div -qopenmp -I/opt/intel/oneapi/mkl/2023.0.0/include/fftw -parallel -par-schedule-auto -static-intel -qopenmp-link=static -qopt-malloc-options=3 -I./elpa-2018.05.001 -DLEAK_DETECT -c TRAN_Main_Analysis_NC.c
mpicc -O3 -march=core-avx2 -ip -no-prec-div -qopenmp -I/opt/intel/oneapi/mkl/2023.0.0/include/fftw -parallel -par-schedule-auto -static-intel -qopenmp-link=static -qopt-malloc-options=3 -I./elpa-2018.05.001 -DLEAK_DETECT -c MTRAN_EigenChannel.c
mpicc -O3 -march=core-avx2 -ip -no-prec-div -qopenmp -I/opt/intel/oneapi/mkl/2023.0.0/include/fftw -parallel -par-schedule-auto -static-intel -qopenmp-link=static -qopt-malloc-options=3 -I./elpa-2018.05.001 -DLEAK_DETECT -c TRAN_Channel_Functions.c
mpicc -O3 -march=core-avx2 -ip -no-prec-div -qopenmp -I/opt/intel/oneapi/mkl/2023.0.0/include/fftw -parallel -par-schedule-auto -static-intel -qopenmp-link=static -qopt-malloc-options=3 -I./elpa-2018.05.001 -DLEAK_DETECT -c TRAN_Channel_Output.c
mpicc -O3 -march=core-avx2 -ip -no-prec-div -qopenmp -I/opt/intel/oneapi/mkl/2023.0.0/include/fftw -parallel -par-schedule-auto -static-intel -qopenmp-link=static -qopt-malloc-options=3 -I./elpa-2018.05.001 -DLEAK_DETECT -c TRAN_Calc_CurrentDensity.c
mpicc -O3 -march=core-avx2 -ip -no-prec-div -qopenmp -I/opt/intel/oneapi/mkl/2023.0.0/include/fftw -parallel -par-schedule-auto -static-intel -qopenmp-link=static -qopt-malloc-options=3 -I./elpa-2018.05.001 -DLEAK_DETECT -c TRAN_CDen_Main.c
mpifort -O3 -march=core-avx2 -ip -no-prec-div -qopenmp -parallel -par-schedule-auto -static-intel -qopenmp-link=static -qopt-malloc-options=3 -I./elpa-2018.05.001 -c elpa1.f90
mpicc -O3 -march=core-avx2 -ip -no-prec-div -qopenmp -I/opt/intel/oneapi/mkl/2023.0.0/include/fftw -parallel -par-schedule-auto -static-intel -qopenmp-link=static -qopt-malloc-options=3 -I./elpa-2018.05.001 -DLEAK_DETECT -c NBO_Cluster.c
mpicc -O3 -march=core-avx2 -ip -no-prec-div -qopenmp -I/opt/intel/oneapi/mkl/2023.0.0/include/fftw -parallel -par-schedule-auto -static-intel -qopenmp-link=static -qopt-malloc-options=3 -I./elpa-2018.05.001 -DLEAK_DETECT -c NBO_Krylov.c
mpicc -O3 -march=core-avx2 -ip -no-prec-div -qopenmp -I/opt/intel/oneapi/mkl/2023.0.0/include/fftw -parallel -par-schedule-auto -static-intel -qopenmp-link=static -qopt-malloc-options=3 -I./elpa-2018.05.001 -DLEAK_DETECT -c Population_Analysis_Wannier.c
mpicc -O3 -march=core-avx2 -ip -no-prec-div -qopenmp -I/opt/intel/oneapi/mkl/2023.0.0/include/fftw -parallel -par-schedule-auto -static-intel -qopenmp-link=static -qopt-malloc-options=3 -I./elpa-2018.05.001 -DLEAK_DETECT -c Population_Analysis_Wannier2.c
mpicc -O3 -march=core-avx2 -ip -no-prec-div -qopenmp -I/opt/intel/oneapi/mkl/2023.0.0/include/fftw -parallel -par-schedule-auto -static-intel -qopenmp-link=static -qopt-malloc-options=3 -I./elpa-2018.05.001 -DLEAK_DETECT -c NabraMatrixElements.c
mpicc -O3 -march=core-avx2 -ip -no-prec-div -qopenmp -I/opt/intel/oneapi/mkl/2023.0.0/include/fftw -parallel -par-schedule-auto -static-intel -qopenmp-link=static -qopt-malloc-options=3 -I./elpa-2018.05.001 -DLEAK_DETECT -c Set_dOrbitals_Grid.c
mpicc -O3 -march=core-avx2 -ip -no-prec-div -qopenmp -I/opt/intel/oneapi/mkl/2023.0.0/include/fftw -parallel -par-schedule-auto -static-intel -qopenmp-link=static -qopt-malloc-options=3 -I./elpa-2018.05.001 -DLEAK_DETECT -c Calc_optical.c
mpicc -O3 -march=core-avx2 -ip -no-prec-div -qopenmp -I/opt/intel/oneapi/mkl/2023.0.0/include/fftw -parallel -par-schedule-auto -static-intel -qopenmp-link=static -qopt-malloc-options=3 -I./elpa-2018.05.001 -DLEAK_DETECT -c Band_DFT_NonCol_Optical.c
mpicc -O3 -march=core-avx2 -ip -no-prec-div -qopenmp -I/opt/intel/oneapi/mkl/2023.0.0/include/fftw -parallel -par-schedule-auto -static-intel -qopenmp-link=static -qopt-malloc-options=3 -I./elpa-2018.05.001 -DLEAK_DETECT -g    -c -o Cluster_DFT_Optical.o Cluster_DFT_Optical.c
mpicc -O3 -march=core-avx2 -ip -no-prec-div -qopenmp -I/opt/intel/oneapi/mkl/2023.0.0/include/fftw -parallel -par-schedule-auto -static-intel -qopenmp-link=static -qopt-malloc-options=3 -I./elpa-2018.05.001 -DLEAK_DETECT -c Band_DFT_Col_Optical_ScaLAPACK.c
mpicc -O3 -march=core-avx2 -ip -no-prec-div -qopenmp -I/opt/intel/oneapi/mkl/2023.0.0/include/fftw -parallel -par-schedule-auto -static-intel -qopenmp-link=static -qopt-malloc-options=3 -I./elpa-2018.05.001 -DLEAK_DETECT -g    -c -o Cluster_DFT_Optical_ScaLAPACK.o Cluster_DFT_Optical_ScaLAPACK.c
mpicc -O3 -march=core-avx2 -ip -no-prec-div -qopenmp -I/opt/intel/oneapi/mkl/2023.0.0/include/fftw -parallel -par-schedule-auto -static-intel -qopenmp-link=static -qopt-malloc-options=3 -I./elpa-2018.05.001 -DLEAK_DETECT -c out_openmx_lpq.c 
mpicc -O3 -march=core-avx2 -ip -no-prec-div -qopenmp -I/opt/intel/oneapi/mkl/2023.0.0/include/fftw -parallel -par-schedule-auto -static-intel -qopenmp-link=static -qopt-malloc-options=3 -I./elpa-2018.05.001 -DLEAK_DETECT -c Allocate_DM_for_LPQ.c
mpicc -O3 -march=core-avx2 -ip -no-prec-div -qopenmp -I/opt/intel/oneapi/mkl/2023.0.0/include/fftw -parallel -par-schedule-auto -static-intel -qopenmp-link=static -qopt-malloc-options=3 -I./elpa-2018.05.001 -DLEAK_DETECT -c Cluster_DFT_Col_DMmu.c
mpicc -O3 -march=core-avx2 -ip -no-prec-div -qopenmp -I/opt/intel/oneapi/mkl/2023.0.0/include/fftw -parallel -par-schedule-auto -static-intel -qopenmp-link=static -qopt-malloc-options=3 -I./elpa-2018.05.001 -DLEAK_DETECT -c Cluster_DFT_NonCol_DMmu.c
mpicc -O3 -march=core-avx2 -ip -no-prec-div -qopenmp -I/opt/intel/oneapi/mkl/2023.0.0/include/fftw -parallel -par-schedule-auto -static-intel -qopenmp-link=static -qopt-malloc-options=3 -I./elpa-2018.05.001 -DLEAK_DETECT -c Band_DFT_Col_DMmu.c
mpicc -O3 -march=core-avx2 -ip -no-prec-div -qopenmp -I/opt/intel/oneapi/mkl/2023.0.0/include/fftw -parallel -par-schedule-auto -static-intel -qopenmp-link=static -qopt-malloc-options=3 -I./elpa-2018.05.001 -DLEAK_DETECT -c Band_DFT_NonCol_DMmu.c
mpifort -O3 -march=core-avx2 -ip -no-prec-div -qopenmp -parallel -par-schedule-auto -static-intel -qopenmp-link=static -qopt-malloc-options=3 -I./elpa-2018.05.001 -c ./elpa-2018.05.001/mod_precision.F90
mpifort -O3 -march=core-avx2 -ip -no-prec-div -qopenmp -parallel -par-schedule-auto -static-intel -qopenmp-link=static -qopt-malloc-options=3 -I./elpa-2018.05.001 -c ./elpa-2018.05.001/elpa_utilities.F90
mpifort -O3 -march=core-avx2 -ip -no-prec-div -qopenmp -parallel -par-schedule-auto -static-intel -qopenmp-link=static -qopt-malloc-options=3 -I./elpa-2018.05.001 -c ./elpa-2018.05.001/elpa1_compute_real.F90
mpifort -O3 -march=core-avx2 -ip -no-prec-div -qopenmp -parallel -par-schedule-auto -static-intel -qopenmp-link=static -qopt-malloc-options=3 -I./elpa-2018.05.001 -c ./elpa-2018.05.001/elpa1_compute_complex.F90
mpifort -O3 -march=core-avx2 -ip -no-prec-div -qopenmp -parallel -par-schedule-auto -static-intel -qopenmp-link=static -qopt-malloc-options=3 -I./elpa-2018.05.001 -c ./elpa-2018.05.001/aligned_mem.F90
mpifort -O3 -march=core-avx2 -ip -no-prec-div -qopenmp -parallel -par-schedule-auto -static-intel -qopenmp-link=static -qopt-malloc-options=3 -I./elpa-2018.05.001 -c ./elpa-2018.05.001/elpa2_determine_workload.F90
mpifort -O3 -march=core-avx2 -ip -no-prec-div -qopenmp -parallel -par-schedule-auto -static-intel -qopenmp-link=static -qopt-malloc-options=3 -I./elpa-2018.05.001 -c ./elpa-2018.05.001/mod_redist_band_real.F90
mpifort -O3 -march=core-avx2 -ip -no-prec-div -qopenmp -parallel -par-schedule-auto -static-intel -qopenmp-link=static -qopt-malloc-options=3 -I./elpa-2018.05.001 -c ./elpa-2018.05.001/mod_redist_band_complex.F90
mpifort -O3 -march=core-avx2 -ip -no-prec-div -qopenmp -parallel -par-schedule-auto -static-intel -qopenmp-link=static -qopt-malloc-options=3 -I./elpa-2018.05.001 -c ./elpa-2018.05.001/mod_pack_unpack_cpu_real.F90
mpifort -O3 -march=core-avx2 -ip -no-prec-div -qopenmp -parallel -par-schedule-auto -static-intel -qopenmp-link=static -qopt-malloc-options=3 -I./elpa-2018.05.001 -c ./elpa-2018.05.001/mod_pack_unpack_cpu_complex.F90
mpifort -O3 -march=core-avx2 -ip -no-prec-div -qopenmp -parallel -par-schedule-auto -static-intel -qopenmp-link=static -qopt-malloc-options=3 -I./elpa-2018.05.001 -c ./elpa-2018.05.001/real.F90
mpifort -O3 -march=core-avx2 -ip -no-prec-div -qopenmp -parallel -par-schedule-auto -static-intel -qopenmp-link=static -qopt-malloc-options=3 -I./elpa-2018.05.001 -c ./elpa-2018.05.001/complex.F90
mpifort -O3 -march=core-avx2 -ip -no-prec-div -qopenmp -parallel -par-schedule-auto -static-intel -qopenmp-link=static -qopt-malloc-options=3 -I./elpa-2018.05.001 -c ./elpa-2018.05.001/mod_single_hh_trafo_real.F90
mpifort -O3 -march=core-avx2 -ip -no-prec-div -qopenmp -parallel -par-schedule-auto -static-intel -qopenmp-link=static -qopt-malloc-options=3 -I./elpa-2018.05.001 -c ./elpa-2018.05.001/mod_compute_hh_trafo_real.F90
mpifort -O3 -march=core-avx2 -ip -no-prec-div -qopenmp -parallel -par-schedule-auto -static-intel -qopenmp-link=static -qopt-malloc-options=3 -I./elpa-2018.05.001 -c ./elpa-2018.05.001/mod_compute_hh_trafo_complex.F90
mpifort -O3 -march=core-avx2 -ip -no-prec-div -qopenmp -parallel -par-schedule-auto -static-intel -qopenmp-link=static -qopt-malloc-options=3 -I./elpa-2018.05.001 -c ./elpa-2018.05.001/elpa2_compute_real.F90
mpifort -O3 -march=core-avx2 -ip -no-prec-div -qopenmp -parallel -par-schedule-auto -static-intel -qopenmp-link=static -qopt-malloc-options=3 -I./elpa-2018.05.001 -c ./elpa-2018.05.001/elpa2_compute_complex.F90
mpifort -O3 -march=core-avx2 -ip -no-prec-div -qopenmp -parallel -par-schedule-auto -static-intel -qopenmp-link=static -qopt-malloc-options=3 -I./elpa-2018.05.001 -c ./elpa-2018.05.001/elpa_solve_evp_real_2stage_double_impl.F90
mpifort -O3 -march=core-avx2 -ip -no-prec-div -qopenmp -parallel -par-schedule-auto -static-intel -qopenmp-link=static -qopt-malloc-options=3 -I./elpa-2018.05.001 -c ./elpa-2018.05.001/elpa_solve_evp_complex_2stage_double_impl.F90
mpifort -O3 -march=core-avx2 -ip -no-prec-div -qopenmp -parallel -par-schedule-auto -static-intel -qopenmp-link=static -qopt-malloc-options=3 -I./elpa-2018.05.001 -c solve_evp_real.f90
mpifort -O3 -march=core-avx2 -ip -no-prec-div -qopenmp -parallel -par-schedule-auto -static-intel -qopenmp-link=static -qopt-malloc-options=3 -I./elpa-2018.05.001 -c solve_evp_complex.f90
mpifort -O3 -march=core-avx2 -ip -no-prec-div -qopenmp -parallel -par-schedule-auto -static-intel -qopenmp-link=static -qopt-malloc-options=3 -I./elpa-2018.05.001 -c ./elpa-2018.05.001/elpa1_compute_real.F90
mpifort -O3 -march=core-avx2 -ip -no-prec-div -qopenmp -parallel -par-schedule-auto -static-intel -qopenmp-link=static -qopt-malloc-options=3 -I./elpa-2018.05.001 -c ./elpa-2018.05.001/elpa1_compute_complex.F90
mpifort -O3 -march=core-avx2 -ip -no-prec-div -qopenmp -parallel -par-schedule-auto -static-intel -qopenmp-link=static -qopt-malloc-options=3 -I./elpa-2018.05.001 -c ./elpa-2018.05.001/elpa2_determine_workload.F90
mpifort -O3 -march=core-avx2 -ip -no-prec-div -qopenmp -parallel -par-schedule-auto -static-intel -qopenmp-link=static -qopt-malloc-options=3 -I./elpa-2018.05.001 -c ./elpa-2018.05.001/mod_redist_band_real.F90
mpifort -O3 -march=core-avx2 -ip -no-prec-div -qopenmp -parallel -par-schedule-auto -static-intel -qopenmp-link=static -qopt-malloc-options=3 -I./elpa-2018.05.001 -c ./elpa-2018.05.001/mod_redist_band_complex.F90
mpifort -O3 -march=core-avx2 -ip -no-prec-div -qopenmp -parallel -par-schedule-auto -static-intel -qopenmp-link=static -qopt-malloc-options=3 -I./elpa-2018.05.001 -c ./elpa-2018.05.001/mod_pack_unpack_cpu_real.F90
mpifort -O3 -march=core-avx2 -ip -no-prec-div -qopenmp -parallel -par-schedule-auto -static-intel -qopenmp-link=static -qopt-malloc-options=3 -I./elpa-2018.05.001 -c ./elpa-2018.05.001/mod_pack_unpack_cpu_complex.F90
mpifort -O3 -march=core-avx2 -ip -no-prec-div -qopenmp -parallel -par-schedule-auto -static-intel -qopenmp-link=static -qopt-malloc-options=3 -I./elpa-2018.05.001 -c ./elpa-2018.05.001/real.F90
mpifort -O3 -march=core-avx2 -ip -no-prec-div -qopenmp -parallel -par-schedule-auto -static-intel -qopenmp-link=static -qopt-malloc-options=3 -I./elpa-2018.05.001 -c ./elpa-2018.05.001/complex.F90
mpifort -O3 -march=core-avx2 -ip -no-prec-div -qopenmp -parallel -par-schedule-auto -static-intel -qopenmp-link=static -qopt-malloc-options=3 -I./elpa-2018.05.001 -c ./elpa-2018.05.001/mod_single_hh_trafo_real.F90
mpifort -O3 -march=core-avx2 -ip -no-prec-div -qopenmp -parallel -par-schedule-auto -static-intel -qopenmp-link=static -qopt-malloc-options=3 -I./elpa-2018.05.001 -c ./elpa-2018.05.001/mod_compute_hh_trafo_real.F90
mpifort -O3 -march=core-avx2 -ip -no-prec-div -qopenmp -parallel -par-schedule-auto -static-intel -qopenmp-link=static -qopt-malloc-options=3 -I./elpa-2018.05.001 -c ./elpa-2018.05.001/elpa2_compute_real.F90
mpifort -O3 -march=core-avx2 -ip -no-prec-div -qopenmp -parallel -par-schedule-auto -static-intel -qopenmp-link=static -qopt-malloc-options=3 -I./elpa-2018.05.001 -c ./elpa-2018.05.001/elpa2_compute_complex.F90
mpifort -O3 -march=core-avx2 -ip -no-prec-div -qopenmp -parallel -par-schedule-auto -static-intel -qopenmp-link=static -qopt-malloc-options=3 -I./elpa-2018.05.001 -c ./elpa-2018.05.001/elpa_solve_evp_real_2stage_double_impl.F90
mpifort -O3 -march=core-avx2 -ip -no-prec-div -qopenmp -parallel -par-schedule-auto -static-intel -qopenmp-link=static -qopt-malloc-options=3 -I./elpa-2018.05.001 -c ./elpa-2018.05.001/elpa_solve_evp_complex_2stage_double_impl.F90
mpifort -O3 -march=core-avx2 -ip -no-prec-div -qopenmp -parallel -par-schedule-auto -static-intel -qopenmp-link=static -qopt-malloc-options=3 -I./elpa-2018.05.001 -c ./elpa-2018.05.001/elpa2_compute_real.F90
mpifort -O3 -march=core-avx2 -ip -no-prec-div -qopenmp -parallel -par-schedule-auto -static-intel -qopenmp-link=static -qopt-malloc-options=3 -I./elpa-2018.05.001 -c ./elpa-2018.05.001/elpa2_compute_complex.F90
mpifort -O3 -march=core-avx2 -ip -no-prec-div -qopenmp -parallel -par-schedule-auto -static-intel -qopenmp-link=static -qopt-malloc-options=3 -I./elpa-2018.05.001 -c ./elpa-2018.05.001/elpa_solve_evp_real_2stage_double_impl.F90
mpifort -O3 -march=core-avx2 -ip -no-prec-div -qopenmp -parallel -par-schedule-auto -static-intel -qopenmp-link=static -qopt-malloc-options=3 -I./elpa-2018.05.001 -c ./elpa-2018.05.001/elpa_solve_evp_complex_2stage_double_impl.F90
mpicc -O3 -march=core-avx2 -ip -no-prec-div -qopenmp -I/opt/intel/oneapi/mkl/2023.0.0/include/fftw -parallel -par-schedule-auto -static-intel -qopenmp-link=static -qopt-malloc-options=3 -I./elpa-2018.05.001 -DLEAK_DETECT openmx.o openmx_common.o Input_std.o Inputtools.o init.o LU_inverse.o ReLU_inverse.o truncation.o readfile.o FT_PAO.o FT_NLP.o FT_ProExpn_VNA.o FT_VNA.o FT_ProductPAO.o Hamiltonian_Cluster.o Hamiltonian_Cluster_Hs.o Hamiltonian_Cluster_NC_Hs2.o Hamiltonian_Band_NC_Hs2.o Overlap_Cluster_NC_Ss2.o Overlap_Band_NC_Ss2.o Overlap_Cluster.o Overlap_Cluster_Ss.o Overlap_Cluster_LNO_Ss.o Set_ContMat_Cluster_LNO.o Hamiltonian_Band.o Matrix_Band_LNO.o Overlap_Band.o Hamiltonian_Cluster_NC.o Hamiltonian_Band_NC.o Hamiltonian_Cluster_SO.o Get_OneD_HS_Col.o SetPara_DFT.o XC_Ceperly_Alder.o XC_CA_LSDA.o XC_PW92C.o XC_PBE.o XC_EX.o DFT.o Mixing_DM.o Mixing_H.o Mixing_V.o Force.o Stress.o Poisson.o Poisson_ESM.o Cluster_DFT_Col.o Cluster_DFT_NonCol.o Cluster_DFT_Dosout.o Cluster_DFT_ON2.o Cluster_DFT_Col_LNO.o Band_DFT_Col.o Band_DFT_NonCol.o Band_DFT_NonCol_GB.o Band_DFT_kpath.o Band_DFT_kpath_LNO.o Band_DFT_MO.o Cluster_DFT_Col_CWF.o Cluster_DFT_NonCol_CWF.o Band_DFT_Col_CWF.o Band_DFT_NonCol_CWF.o Unfolding_Bands.o Band_DFT_Dosout.o Set_Density_Grid.o Set_Orbitals_Grid.o Set_Aden_Grid.o Gauss_Legendre.o zero_cfrac.o xyz2spherical.o AngularF.o RadialF.o Dr_RadialF.o PhiF.o VNAF.o Dr_VNAF.o VH_AtomF.o Dr_VH_AtomF.o RF_BesselF.o QuickSort.o Nonlocal_RadialF.o KumoF.o Dr_KumoF.o Mulliken_Charge.o Occupation_Number_LDA_U.o Eff_Hub_Pot.o Coulomb_Interaction.o EulerAngle_Spin.o Smoothing_Func.o Orbital_Moment.o Pot_NeutralAtom.o Simple_Mixing_DM.o DIIS_Mixing_DM.o ADIIS_Mixing_DM.o GR_Pulay_DM.o Kerker_Mixing_Rhok.o DIIS_Mixing_Rhok.o Total_Energy.o Contract_Hamiltonian.o Contract_iHNL.o Cont_Matrix0.o Cont_Matrix1.o Cont_Matrix2.o Cont_Matrix3.o Cont_Matrix4.o Opt_Contraction.o Initial_CntCoes.o Initial_CntCoes2.o Set_XC_Grid.o Set_XC_NL1_Grid.o Get_Orbitals.o Get_dOrbitals.o Get_Cnt_Orbitals.o Get_Cnt_dOrbitals.o Gaunt.o Find_CGrids.o MD_pac.o RestartFileDFT.o Output_CompTime.o Merge_LogFile.o Make_FracCoord.o Make_InputFile_with_FinalCoord.o Output_Energy_Decomposition.o Divide_Conquer.o Divide_Conquer_LNO.o Krylov.o Divide_Conquer_Dosout.o EGAC_DFT.o LNO.o Calc_LNAO.o Calc_LNBO.o Eigen_lapack.o Eigen_lapack2.o Eigen_lapack3.o EigenBand_lapack.o Eigen_PReHH.o BroadCast_ReMatrix.o Eigen_PHH.o BroadCast_ComplexMatrix.o lapack_dstedc1.o lapack_dstedc2.o lapack_dstedc3.o lapack_dstegr1.o lapack_dstegr2.o lapack_dstegr3.o lapack_dstevx1.o lapack_dstevx2.o lapack_dstevx3.o lapack_dstevx4.o lapack_dstevx5.o lapack_dsteqr1.o Nonlocal_Basis.o Set_OLP_Kin.o Set_Nonlocal.o Set_ProExpn_VNA.o Set_CoreHoleMatrix.o Set_XMCD_penalty.o Set_OLP_p.o Set_Hamiltonian.o Set_Vpot.o Voronoi_Charge.o Voronoi_Orbital_Moment.o Fuzzy_Weight.o dampingF.o deri_dampingF.o Spherical_Bessel.o iterout.o iterout_md.o Allocate_Arrays.o Free_Arrays.o Init_List_YOUSO.o outputfile1.o malloc_multidimarray.o PrintMemory.o PrintMemory_Fix.o dtime.o OutData.o init_alloc_first.o File_CntCoes.o SCF2File.o mimic_sse.o Make_Comm_Worlds.o Set_Allocate_Atom2CPU.o Cutoff.o Generating_MP_Special_Kpt.o Maketest.o Runtest.o Memory_Leak_test.o Force_test.o Stress_test.o Show_DFT_DATA.o Generate_Wannier.o TRAN_Allocate.o TRAN_DFT.o TRAN_DFT_Dosout.o TRAN_Apply_Bias2e.o TRAN_Deallocate_Electrode_Grid.o TRAN_Deallocate_RestartFile.o TRAN_RestartFile.o TRAN_Calc_CentGreen.o TRAN_Input_std.o TRAN_Set_CentOverlap.o TRAN_Calc_CentGreenLesser.o TRAN_Input_std_Atoms.o TRAN_Set_Electrode_Grid.o TRAN_Calc_GridBound.o TRAN_Set_IntegPath.o TRAN_Output_HKS.o TRAN_Set_MP.o TRAN_Calc_SelfEnergy.o TRAN_Output_Trans_HS.o TRAN_Calc_Hopping_G.o TRAN_Calc_SurfGreen.o TRAN_Set_SurfOverlap.o TRAN_Add_Density_Lead.o TRAN_Add_ADensity_Lead.o TRAN_Set_Value.o TRAN_Poisson.o TRAN_adjust_Ngrid.o TRAN_Print.o TRAN_Print_Grid.o Lapack_LU_inverse.o TRAN_Distribute_Node.o TRAN_Output_HKS_Write_Grid.o TRAN_Credit.o TRAN_Check_Region_Lead.o TRAN_Check_Region.o TRAN_Check_Input.o DFTDvdW_init.o DFTD3vdW_init.o neb.o neb_run.o neb_check.o TRAN_Allocate_NC.o TRAN_DFT_NC.o TRAN_Set_CentOverlap_NC.o TRAN_Set_SurfOverlap_NC.o TRAN_Calc_OneTransmission.o TRAN_Main_Analysis.o TRAN_Main_Analysis_NC.o MTRAN_EigenChannel.o TRAN_Channel_Functions.o TRAN_Channel_Output.o TRAN_Calc_CurrentDensity.o TRAN_CDen_Main.o elpa1.o solve_evp_real.o solve_evp_complex.o NBO_Cluster.o NBO_Krylov.o Population_Analysis_Wannier.o Population_Analysis_Wannier2.o NabraMatrixElements.o Set_dOrbitals_Grid.o Calc_optical.o Band_DFT_NonCol_Optical.o Cluster_DFT_Optical.o Band_DFT_Col_Optical_ScaLAPACK.o Cluster_DFT_Optical_ScaLAPACK.o out_openmx_lpq.o Allocate_DM_for_LPQ.o Cluster_DFT_Col_DMmu.o Cluster_DFT_NonCol_DMmu.o Band_DFT_Col_DMmu.o Band_DFT_NonCol_DMmu.o  mod_precision.o elpa_utilities.o elpa1_compute_real.o elpa1_compute_complex.o aligned_mem.o elpa2_determine_workload.o mod_redist_band_real.o mod_redist_band_complex.o mod_pack_unpack_cpu_real.o mod_pack_unpack_cpu_complex.o real.o complex.o mod_single_hh_trafo_real.o mod_compute_hh_trafo_real.o mod_compute_hh_trafo_complex.o elpa2_compute_real.o elpa2_compute_complex.o elpa_solve_evp_real_2stage_double_impl.o elpa_solve_evp_complex_2stage_double_impl.o  leakdetect.o -L/opt/intel/oneapi/mkl/2023.0.0/lib/intel64 -qmkl=parallel -lmkl_scalapack_lp64 -lmkl_blacs_openmpi_lp64 -lmkl_intel_lp64 -lmkl_intel_thread -lmkl_core -liomp5 -lpthread -lm -lmpi_usempif08 -lmpi_usempi_ignore_tkr -lmpi_mpifh -lmpi  -lifcoremt -lm -o openmx
